mode: set
apps/backend/core-api/internal/usecase/auth/auth.go:18.110,22.2 1 1
apps/backend/core-api/internal/usecase/auth/auth.go:42.104,49.22 3 1
apps/backend/core-api/internal/usecase/auth/auth.go:49.22,53.20 2 1
apps/backend/core-api/internal/usecase/auth/auth.go:53.20,55.24 1 1
apps/backend/core-api/internal/usecase/auth/auth.go:55.24,58.5 2 1
apps/backend/core-api/internal/usecase/auth/auth.go:59.4,59.26 1 1
apps/backend/core-api/internal/usecase/auth/auth.go:59.26,62.5 2 1
apps/backend/core-api/internal/usecase/auth/auth.go:63.4,63.22 1 1
apps/backend/core-api/internal/usecase/auth/auth.go:68.2,68.38 1 1
apps/backend/core-api/internal/usecase/auth/auth.go:68.38,70.50 1 1
apps/backend/core-api/internal/usecase/auth/auth.go:70.50,72.4 1 1
apps/backend/core-api/internal/usecase/auth/auth.go:72.9,76.4 2 1
apps/backend/core-api/internal/usecase/auth/auth.go:79.2,79.40 1 1
apps/backend/core-api/internal/usecase/auth/auth.go:79.40,81.47 1 1
apps/backend/core-api/internal/usecase/auth/auth.go:81.47,83.4 1 1
apps/backend/core-api/internal/usecase/auth/auth.go:83.9,87.4 2 1
apps/backend/core-api/internal/usecase/auth/auth.go:91.2,91.19 1 1
apps/backend/core-api/internal/usecase/auth/auth.go:91.19,92.47 1 1
apps/backend/core-api/internal/usecase/auth/auth.go:92.47,95.4 2 1
apps/backend/core-api/internal/usecase/auth/auth.go:96.3,96.51 1 1
apps/backend/core-api/internal/usecase/auth/auth.go:96.51,99.4 2 0
apps/backend/core-api/internal/usecase/auth/auth.go:102.2,102.20 1 1
apps/backend/core-api/internal/usecase/auth/auth.go:106.65,107.19 1 1
apps/backend/core-api/internal/usecase/auth/auth.go:107.19,109.3 1 1
apps/backend/core-api/internal/usecase/auth/auth.go:112.2,112.73 1 1
apps/backend/core-api/internal/usecase/auth/auth.go:112.73,114.3 1 1
apps/backend/core-api/internal/usecase/auth/auth.go:116.2,116.13 1 1
apps/backend/core-api/internal/usecase/auth/auth.go:119.130,121.2 1 0
apps/backend/core-api/internal/usecase/auth/auth_sign.go:16.186,17.17 1 0
apps/backend/core-api/internal/usecase/auth/auth_sign.go:17.17,19.3 1 0
apps/backend/core-api/internal/usecase/auth/auth_sign.go:20.2,20.31 1 0
apps/backend/core-api/internal/usecase/auth/auth_sign.go:20.31,22.3 1 0
apps/backend/core-api/internal/usecase/auth/auth_sign.go:25.2,26.16 2 0
apps/backend/core-api/internal/usecase/auth/auth_sign.go:26.16,28.3 1 0
apps/backend/core-api/internal/usecase/auth/auth_sign.go:29.2,29.17 1 0
apps/backend/core-api/internal/usecase/auth/auth_sign.go:29.17,31.3 1 0
apps/backend/core-api/internal/usecase/auth/auth_sign.go:32.2,32.57 1 0
apps/backend/core-api/internal/usecase/auth/auth_sign.go:32.57,34.3 1 0
apps/backend/core-api/internal/usecase/auth/auth_sign.go:37.2,38.16 2 0
apps/backend/core-api/internal/usecase/auth/auth_sign.go:38.16,40.3 1 0
apps/backend/core-api/internal/usecase/auth/auth_sign.go:41.2,41.12 1 0
apps/backend/core-api/internal/usecase/auth/auth_sign.go:41.12,43.3 1 0
apps/backend/core-api/internal/usecase/auth/auth_sign.go:46.2,47.16 2 0
apps/backend/core-api/internal/usecase/auth/auth_sign.go:47.16,49.3 1 0
apps/backend/core-api/internal/usecase/auth/auth_sign.go:50.2,50.23 1 0
apps/backend/core-api/internal/usecase/auth/auth_sign.go:50.23,52.3 1 0
apps/backend/core-api/internal/usecase/auth/auth_sign.go:55.2,56.16 2 0
apps/backend/core-api/internal/usecase/auth/auth_sign.go:56.16,58.3 1 0
apps/backend/core-api/internal/usecase/auth/auth_sign.go:60.2,62.16 3 0
apps/backend/core-api/internal/usecase/auth/auth_sign.go:62.16,64.3 1 0
apps/backend/core-api/internal/usecase/auth/auth_sign.go:66.2,66.37 1 0
apps/backend/core-api/internal/usecase/auth/auth_sign.go:69.243,70.17 1 0
apps/backend/core-api/internal/usecase/auth/auth_sign.go:70.17,72.3 1 0
apps/backend/core-api/internal/usecase/auth/auth_sign.go:73.2,73.31 1 0
apps/backend/core-api/internal/usecase/auth/auth_sign.go:73.31,75.3 1 0
apps/backend/core-api/internal/usecase/auth/auth_sign.go:77.2,78.16 2 0
apps/backend/core-api/internal/usecase/auth/auth_sign.go:78.16,80.3 1 0
apps/backend/core-api/internal/usecase/auth/auth_sign.go:82.2,82.26 1 0
apps/backend/core-api/internal/usecase/auth/auth_sign.go:82.26,84.17 2 0
apps/backend/core-api/internal/usecase/auth/auth_sign.go:84.17,86.4 1 0
apps/backend/core-api/internal/usecase/auth/auth_sign.go:87.3,87.43 1 0
apps/backend/core-api/internal/usecase/auth/auth_sign.go:90.2,91.16 2 0
apps/backend/core-api/internal/usecase/auth/auth_sign.go:91.16,93.3 1 0
apps/backend/core-api/internal/usecase/auth/auth_sign.go:95.2,96.16 2 0
apps/backend/core-api/internal/usecase/auth/auth_sign.go:96.16,98.3 1 0
apps/backend/core-api/internal/usecase/auth/auth_sign.go:99.2,99.32 1 0
apps/backend/core-api/internal/usecase/auth/auth_sign.go:99.32,101.3 1 0
apps/backend/core-api/internal/usecase/auth/auth_sign.go:103.2,104.16 2 0
apps/backend/core-api/internal/usecase/auth/auth_sign.go:104.16,106.3 1 0
apps/backend/core-api/internal/usecase/auth/auth_sign.go:108.2,110.16 3 0
apps/backend/core-api/internal/usecase/auth/auth_sign.go:110.16,112.3 1 0
apps/backend/core-api/internal/usecase/auth/auth_sign.go:114.2,114.52 1 0
apps/backend/core-api/internal/usecase/issuer/get_verified_issuers.go:17.131,25.16 5 1
apps/backend/core-api/internal/usecase/issuer/get_verified_issuers.go:25.16,27.3 1 1
apps/backend/core-api/internal/usecase/issuer/get_verified_issuers.go:30.2,32.38 3 1
apps/backend/core-api/internal/usecase/issuer/get_verified_issuers.go:32.38,36.3 3 1
apps/backend/core-api/internal/usecase/issuer/get_verified_issuers.go:39.2,39.27 1 1
apps/backend/core-api/internal/usecase/issuer/get_verified_issuers.go:39.27,41.17 2 1
apps/backend/core-api/internal/usecase/issuer/get_verified_issuers.go:41.17,43.4 1 1
apps/backend/core-api/internal/usecase/issuer/get_verified_issuers.go:44.8,51.17 2 1
apps/backend/core-api/internal/usecase/issuer/get_verified_issuers.go:51.17,53.4 1 1
apps/backend/core-api/internal/usecase/issuer/get_verified_issuers.go:56.3,57.44 2 1
apps/backend/core-api/internal/usecase/issuer/get_verified_issuers.go:57.44,59.4 1 1
apps/backend/core-api/internal/usecase/issuer/get_verified_issuers.go:62.3,63.17 2 1
apps/backend/core-api/internal/usecase/issuer/get_verified_issuers.go:63.17,65.4 1 1
apps/backend/core-api/internal/usecase/issuer/get_verified_issuers.go:68.3,72.39 4 1
apps/backend/core-api/internal/usecase/issuer/get_verified_issuers.go:72.39,76.23 2 1
apps/backend/core-api/internal/usecase/issuer/get_verified_issuers.go:76.23,77.13 1 0
apps/backend/core-api/internal/usecase/issuer/get_verified_issuers.go:80.4,83.36 2 1
apps/backend/core-api/internal/usecase/issuer/get_verified_issuers.go:83.36,85.5 1 1
apps/backend/core-api/internal/usecase/issuer/get_verified_issuers.go:88.4,88.114 1 1
apps/backend/core-api/internal/usecase/issuer/get_verified_issuers.go:88.114,90.5 1 1
apps/backend/core-api/internal/usecase/issuer/get_verified_issuers.go:93.4,93.112 1 1
apps/backend/core-api/internal/usecase/issuer/get_verified_issuers.go:93.112,95.5 1 1
apps/backend/core-api/internal/usecase/issuer/get_verified_issuers.go:98.4,98.106 1 1
apps/backend/core-api/internal/usecase/issuer/get_verified_issuers.go:98.106,100.5 1 1
apps/backend/core-api/internal/usecase/issuer/get_verified_issuers.go:103.4,103.122 1 1
apps/backend/core-api/internal/usecase/issuer/get_verified_issuers.go:103.122,105.5 1 1
apps/backend/core-api/internal/usecase/issuer/get_verified_issuers.go:108.4,108.16 1 1
apps/backend/core-api/internal/usecase/issuer/get_verified_issuers.go:108.16,110.91 2 1
apps/backend/core-api/internal/usecase/issuer/get_verified_issuers.go:110.91,112.6 1 1
apps/backend/core-api/internal/usecase/issuer/get_verified_issuers.go:115.4,115.15 1 1
apps/backend/core-api/internal/usecase/issuer/get_verified_issuers.go:115.15,118.5 2 1
apps/backend/core-api/internal/usecase/issuer/get_verified_issuers.go:122.3,124.37 3 1
apps/backend/core-api/internal/usecase/issuer/get_verified_issuers.go:124.37,126.4 1 1
apps/backend/core-api/internal/usecase/issuer/get_verified_issuers.go:126.9,127.35 1 1
apps/backend/core-api/internal/usecase/issuer/get_verified_issuers.go:127.35,129.5 1 1
apps/backend/core-api/internal/usecase/issuer/get_verified_issuers.go:130.4,130.42 1 1
apps/backend/core-api/internal/usecase/issuer/get_verified_issuers.go:135.2,136.35 2 1
apps/backend/core-api/internal/usecase/issuer/get_verified_issuers.go:136.35,164.3 2 1
apps/backend/core-api/internal/usecase/issuer/get_verified_issuers.go:166.2,166.24 1 1
apps/backend/core-api/internal/usecase/issuer/issuer.go:34.78,38.2 1 0
apps/backend/core-api/internal/usecase/issuer/issuer.go:40.194,42.16 2 1
apps/backend/core-api/internal/usecase/issuer/issuer.go:42.16,44.3 1 1
apps/backend/core-api/internal/usecase/issuer/issuer.go:46.2,46.20 1 1
apps/backend/core-api/internal/usecase/issuer/issuer.go:49.188,51.16 2 0
apps/backend/core-api/internal/usecase/issuer/issuer.go:51.16,53.3 1 0
apps/backend/core-api/internal/usecase/issuer/issuer.go:55.2,55.20 1 0
apps/backend/core-api/internal/usecase/issuer/issuer.go:58.167,60.16 2 0
apps/backend/core-api/internal/usecase/issuer/issuer.go:60.16,62.3 1 0
apps/backend/core-api/internal/usecase/issuer/issuer.go:64.2,65.31 2 0
apps/backend/core-api/internal/usecase/issuer/issuer.go:65.31,68.62 2 0
apps/backend/core-api/internal/usecase/issuer/issuer.go:68.62,70.4 1 0
apps/backend/core-api/internal/usecase/issuer/issuer.go:70.9,70.40 1 0
apps/backend/core-api/internal/usecase/issuer/issuer.go:70.40,72.4 1 0
apps/backend/core-api/internal/usecase/issuer/issuer.go:72.9,72.39 1 0
apps/backend/core-api/internal/usecase/issuer/issuer.go:72.39,74.4 1 0
apps/backend/core-api/internal/usecase/issuer/issuer.go:77.3,78.37 2 0
apps/backend/core-api/internal/usecase/issuer/issuer.go:78.37,80.4 1 0
apps/backend/core-api/internal/usecase/issuer/issuer.go:83.3,84.29 2 0
apps/backend/core-api/internal/usecase/issuer/issuer.go:84.29,86.4 1 0
apps/backend/core-api/internal/usecase/issuer/issuer.go:89.3,90.42 2 0
apps/backend/core-api/internal/usecase/issuer/issuer.go:90.42,92.4 1 0
apps/backend/core-api/internal/usecase/issuer/issuer.go:94.3,112.4 1 0
apps/backend/core-api/internal/usecase/issuer/issuer.go:115.2,115.24 1 0
apps/backend/core-api/internal/usecase/cyptoutils/ethereum.go:14.53,16.16 2 0
apps/backend/core-api/internal/usecase/cyptoutils/ethereum.go:16.16,18.3 1 0
apps/backend/core-api/internal/usecase/cyptoutils/ethereum.go:20.2,20.20 1 0
apps/backend/core-api/internal/usecase/cyptoutils/ethereum.go:23.55,25.16 2 0
apps/backend/core-api/internal/usecase/cyptoutils/ethereum.go:25.16,27.3 1 0
apps/backend/core-api/internal/usecase/cyptoutils/ethereum.go:29.2,30.16 2 0
apps/backend/core-api/internal/usecase/cyptoutils/ethereum.go:30.16,32.3 1 0
apps/backend/core-api/internal/usecase/cyptoutils/ethereum.go:34.2,34.18 1 0
apps/backend/core-api/internal/usecase/cyptoutils/rpc.go:9.69,11.16 2 0
apps/backend/core-api/internal/usecase/cyptoutils/rpc.go:11.16,13.3 1 0
apps/backend/core-api/internal/usecase/cyptoutils/rpc.go:15.2,15.25 1 0
apps/backend/core-api/internal/usecase/cyptoutils/rpc.go:18.75,20.16 2 0
apps/backend/core-api/internal/usecase/cyptoutils/rpc.go:20.16,22.3 1 0
apps/backend/core-api/internal/usecase/cyptoutils/rpc.go:27.2,29.55 2 0
apps/backend/core-api/internal/usecase/cyptoutils/signing.go:18.57,21.2 2 1
apps/backend/core-api/internal/usecase/cyptoutils/signing.go:23.41,25.2 1 0
apps/backend/core-api/internal/usecase/cyptoutils/signing.go:28.72,30.16 2 1
apps/backend/core-api/internal/usecase/cyptoutils/signing.go:30.16,32.3 1 0
apps/backend/core-api/internal/usecase/cyptoutils/signing.go:37.2,37.46 1 1
apps/backend/core-api/internal/usecase/cyptoutils/signing.go:37.46,39.3 1 1
apps/backend/core-api/internal/usecase/cyptoutils/signing.go:41.2,41.23 1 1
apps/backend/core-api/internal/usecase/cyptoutils/signing.go:46.91,50.27 2 1
apps/backend/core-api/internal/usecase/cyptoutils/signing.go:50.27,52.3 1 0
apps/backend/core-api/internal/usecase/cyptoutils/signing.go:53.2,56.78 2 1
apps/backend/core-api/internal/usecase/cyptoutils/signing.go:56.78,58.3 1 1
apps/backend/core-api/internal/usecase/cyptoutils/signing.go:61.2,64.16 3 1
apps/backend/core-api/internal/usecase/cyptoutils/signing.go:64.16,66.3 1 0
apps/backend/core-api/internal/usecase/cyptoutils/signing.go:67.2,67.52 1 1
apps/backend/core-api/internal/usecase/cyptoutils/signing.go:70.116,76.78 3 1
apps/backend/core-api/internal/usecase/cyptoutils/signing.go:76.78,78.3 1 1
apps/backend/core-api/internal/usecase/cyptoutils/signing.go:80.2,83.16 3 1
apps/backend/core-api/internal/usecase/cyptoutils/signing.go:83.16,85.3 1 0
apps/backend/core-api/internal/usecase/cyptoutils/signing.go:87.2,89.47 2 1
apps/backend/core-api/internal/usecase/cyptoutils/signing.go:92.122,94.74 1 0
apps/backend/core-api/internal/usecase/cyptoutils/signing.go:94.74,96.3 1 0
apps/backend/core-api/internal/usecase/cyptoutils/signing.go:98.2,99.16 2 0
apps/backend/core-api/internal/usecase/cyptoutils/signing.go:99.16,101.3 1 0
apps/backend/core-api/internal/usecase/cyptoutils/signing.go:103.2,104.53 2 0
apps/backend/core-api/internal/usecase/cyptoutils/signing.go:107.113,111.2 2 1
apps/backend/core-api/internal/usecase/cyptoutils/signing.go:113.127,116.2 2 0
apps/backend/core-api/internal/usecase/cyptoutils/signing.go:118.151,121.21 2 0
apps/backend/core-api/internal/usecase/cyptoutils/signing.go:121.21,123.3 1 0
apps/backend/core-api/internal/usecase/cyptoutils/signing.go:125.2,125.37 1 0
apps/backend/core-api/internal/usecase/cyptoutils/signing.go:125.37,127.3 1 0
apps/backend/core-api/internal/usecase/cyptoutils/signing.go:129.2,129.39 1 0
apps/backend/core-api/internal/usecase/cyptoutils/signing.go:129.39,131.3 1 0
apps/backend/core-api/internal/usecase/cyptoutils/signing.go:133.2,133.80 1 0
apps/backend/core-api/internal/usecase/cyptoutils/signing.go:133.80,135.3 1 0
apps/backend/core-api/internal/usecase/cyptoutils/signing.go:135.8,138.17 2 0
apps/backend/core-api/internal/usecase/cyptoutils/signing.go:138.17,140.4 1 0
apps/backend/core-api/internal/usecase/cyptoutils/signing.go:141.3,142.19 2 0
apps/backend/core-api/internal/usecase/cyptoutils/signing.go:146.79,148.21 2 0
apps/backend/core-api/internal/usecase/cyptoutils/signing.go:148.21,150.3 1 0
apps/backend/core-api/internal/usecase/cyptoutils/signing.go:152.2,153.16 2 0
apps/backend/core-api/internal/usecase/cyptoutils/signing.go:153.16,155.3 1 0
apps/backend/core-api/internal/usecase/cyptoutils/signing.go:156.2,156.20 1 0
apps/backend/core-api/internal/usecase/cyptoutils/utils.go:21.89,24.9 3 0
apps/backend/core-api/internal/usecase/cyptoutils/utils.go:24.9,26.3 1 0
apps/backend/core-api/internal/usecase/cyptoutils/utils.go:27.2,28.22 2 0
apps/backend/core-api/internal/usecase/cyptoutils/utils.go:31.89,34.9 3 0
apps/backend/core-api/internal/usecase/cyptoutils/utils.go:34.9,36.3 1 0
apps/backend/core-api/internal/usecase/cyptoutils/utils.go:37.2,37.28 1 0
apps/backend/core-api/internal/usecase/cyptoutils/utils.go:40.68,42.16 2 0
apps/backend/core-api/internal/usecase/cyptoutils/utils.go:42.16,44.3 1 0
apps/backend/core-api/internal/usecase/cyptoutils/utils.go:45.2,45.40 1 0
apps/backend/core-api/internal/usecase/cyptoutils/utils.go:48.63,49.38 1 0
apps/backend/core-api/internal/usecase/cyptoutils/utils.go:49.38,51.3 1 0
apps/backend/core-api/internal/usecase/cyptoutils/utils.go:53.2,54.28 2 0
apps/backend/core-api/internal/usecase/cyptoutils/utils.go:57.104,59.16 2 0
apps/backend/core-api/internal/usecase/cyptoutils/utils.go:59.16,61.3 1 0
apps/backend/core-api/internal/usecase/cyptoutils/utils.go:63.2,64.16 2 0
apps/backend/core-api/internal/usecase/cyptoutils/utils.go:64.16,66.3 1 0
apps/backend/core-api/internal/usecase/cyptoutils/utils.go:68.2,69.16 2 0
apps/backend/core-api/internal/usecase/cyptoutils/utils.go:69.16,71.3 1 0
apps/backend/core-api/internal/usecase/cyptoutils/utils.go:73.2,74.16 2 0
apps/backend/core-api/internal/usecase/cyptoutils/utils.go:74.16,76.3 1 0
apps/backend/core-api/internal/usecase/cyptoutils/utils.go:78.2,78.41 1 0
apps/backend/core-api/internal/usecase/cyptoutils/utils.go:82.132,83.53 1 0
apps/backend/core-api/internal/usecase/cyptoutils/utils.go:83.53,85.3 1 0
apps/backend/core-api/internal/usecase/cyptoutils/utils.go:88.2,89.16 2 0
apps/backend/core-api/internal/usecase/cyptoutils/utils.go:89.16,91.3 1 0
apps/backend/core-api/internal/usecase/cyptoutils/utils.go:94.2,107.16 3 0
apps/backend/core-api/internal/usecase/cyptoutils/utils.go:107.16,111.54 2 0
apps/backend/core-api/internal/usecase/cyptoutils/utils.go:111.54,113.23 2 0
apps/backend/core-api/internal/usecase/cyptoutils/utils.go:113.23,115.5 1 0
apps/backend/core-api/internal/usecase/cyptoutils/utils.go:117.3,117.21 1 0
apps/backend/core-api/internal/usecase/cyptoutils/utils.go:120.2,120.37 1 0
apps/backend/core-api/internal/usecase/cyptoutils/utils.go:124.48,125.22 1 0
apps/backend/core-api/internal/usecase/cyptoutils/utils.go:125.22,127.3 1 0
apps/backend/core-api/internal/usecase/cyptoutils/utils.go:130.2,131.95 2 0
apps/backend/core-api/internal/usecase/cyptoutils/utils.go:131.95,133.24 1 0
apps/backend/core-api/internal/usecase/cyptoutils/utils.go:133.24,135.4 1 0
apps/backend/core-api/internal/usecase/cyptoutils/utils.go:137.3,139.36 3 0
apps/backend/core-api/internal/usecase/cyptoutils/utils.go:139.36,141.4 1 0
apps/backend/core-api/internal/usecase/cyptoutils/utils.go:142.3,143.16 2 0
apps/backend/core-api/internal/usecase/cyptoutils/utils.go:147.2,160.49 3 0
apps/backend/core-api/internal/usecase/cyptoutils/utils.go:160.49,162.3 1 0
apps/backend/core-api/internal/usecase/cyptoutils/utils.go:164.2,164.45 1 0
apps/backend/core-api/internal/usecase/cyptoutils/wallet_generation.go:14.57,16.23 2 1
apps/backend/core-api/internal/usecase/cyptoutils/wallet_generation.go:16.23,18.3 1 1
apps/backend/core-api/internal/usecase/cyptoutils/wallet_generation.go:21.2,23.36 3 1
apps/backend/core-api/internal/usecase/cyptoutils/wallet_generation.go:23.36,24.25 1 1
apps/backend/core-api/internal/usecase/cyptoutils/wallet_generation.go:24.25,26.9 2 1
apps/backend/core-api/internal/usecase/cyptoutils/wallet_generation.go:29.2,29.12 1 1
apps/backend/core-api/internal/usecase/cyptoutils/wallet_generation.go:29.12,31.3 1 1
apps/backend/core-api/internal/usecase/cyptoutils/wallet_generation.go:34.2,35.19 2 1
apps/backend/core-api/internal/usecase/cyptoutils/wallet_generation.go:36.10,37.20 1 1
apps/backend/core-api/internal/usecase/cyptoutils/wallet_generation.go:38.10,39.20 1 1
apps/backend/core-api/internal/usecase/cyptoutils/wallet_generation.go:40.10,41.20 1 1
apps/backend/core-api/internal/usecase/cyptoutils/wallet_generation.go:42.10,43.20 1 1
apps/backend/core-api/internal/usecase/cyptoutils/wallet_generation.go:44.10,45.20 1 1
apps/backend/core-api/internal/usecase/cyptoutils/wallet_generation.go:48.2,53.23 3 1
apps/backend/core-api/internal/usecase/cyptoutils/wallet_generation.go:58.52,60.16 2 1
apps/backend/core-api/internal/usecase/cyptoutils/wallet_generation.go:60.16,62.3 1 1
apps/backend/core-api/internal/usecase/cyptoutils/wallet_generation.go:64.2,65.18 2 1
apps/backend/core-api/internal/usecase/cyptoutils/wallet_generation.go:68.65,71.2 2 1
apps/backend/core-api/internal/usecase/cyptoutils/wallet_generation.go:73.73,76.16 2 1
apps/backend/core-api/internal/usecase/cyptoutils/wallet_generation.go:76.16,78.3 1 0
apps/backend/core-api/internal/usecase/cyptoutils/wallet_generation.go:82.2,83.16 2 1
apps/backend/core-api/internal/usecase/cyptoutils/wallet_generation.go:83.16,85.3 1 0
apps/backend/core-api/internal/usecase/cyptoutils/wallet_generation.go:87.2,88.16 2 1
apps/backend/core-api/internal/usecase/cyptoutils/wallet_generation.go:88.16,90.3 1 0
apps/backend/core-api/internal/usecase/cyptoutils/wallet_generation.go:92.2,93.16 2 1
apps/backend/core-api/internal/usecase/cyptoutils/wallet_generation.go:93.16,95.3 1 0
apps/backend/core-api/internal/usecase/cyptoutils/wallet_generation.go:97.2,98.16 2 1
apps/backend/core-api/internal/usecase/cyptoutils/wallet_generation.go:98.16,100.3 1 0
apps/backend/core-api/internal/usecase/cyptoutils/wallet_generation.go:102.2,103.16 2 1
apps/backend/core-api/internal/usecase/cyptoutils/wallet_generation.go:103.16,105.3 1 0
apps/backend/core-api/internal/usecase/cyptoutils/wallet_generation.go:108.2,109.16 2 1
apps/backend/core-api/internal/usecase/cyptoutils/wallet_generation.go:109.16,111.3 1 0
apps/backend/core-api/internal/usecase/cyptoutils/wallet_generation.go:113.2,113.24 1 1
apps/backend/core-api/internal/usecase/event_registration/accept_event_registration_invitation.go:15.151,16.24 1 1
apps/backend/core-api/internal/usecase/event_registration/accept_event_registration_invitation.go:16.24,18.3 1 1
apps/backend/core-api/internal/usecase/event_registration/accept_event_registration_invitation.go:21.2,22.16 2 1
apps/backend/core-api/internal/usecase/event_registration/accept_event_registration_invitation.go:22.16,24.3 1 1
apps/backend/core-api/internal/usecase/event_registration/accept_event_registration_invitation.go:25.2,25.23 1 1
apps/backend/core-api/internal/usecase/event_registration/accept_event_registration_invitation.go:25.23,27.3 1 0
apps/backend/core-api/internal/usecase/event_registration/accept_event_registration_invitation.go:31.2,34.16 4 1
apps/backend/core-api/internal/usecase/event_registration/accept_event_registration_invitation.go:34.16,36.3 1 1
apps/backend/core-api/internal/usecase/event_registration/accept_event_registration_invitation.go:37.2,37.64 1 1
apps/backend/core-api/internal/usecase/event_registration/accept_event_registration_invitation.go:37.64,39.3 1 1
apps/backend/core-api/internal/usecase/event_registration/accept_event_registration_invitation.go:42.2,44.16 3 1
apps/backend/core-api/internal/usecase/event_registration/accept_event_registration_invitation.go:44.16,46.3 1 1
apps/backend/core-api/internal/usecase/event_registration/accept_event_registration_invitation.go:48.2,48.12 1 1
apps/backend/core-api/internal/usecase/event_registration/cancel_event_registration_invitation.go:22.218,25.16 2 0
apps/backend/core-api/internal/usecase/event_registration/cancel_event_registration_invitation.go:25.16,27.3 1 0
apps/backend/core-api/internal/usecase/event_registration/cancel_event_registration_invitation.go:30.2,30.35 1 0
apps/backend/core-api/internal/usecase/event_registration/cancel_event_registration_invitation.go:30.35,32.3 1 0
apps/backend/core-api/internal/usecase/event_registration/cancel_event_registration_invitation.go:35.2,36.16 2 0
apps/backend/core-api/internal/usecase/event_registration/cancel_event_registration_invitation.go:36.16,38.3 1 0
apps/backend/core-api/internal/usecase/event_registration/cancel_event_registration_invitation.go:41.2,42.16 2 0
apps/backend/core-api/internal/usecase/event_registration/cancel_event_registration_invitation.go:42.16,44.3 1 0
apps/backend/core-api/internal/usecase/event_registration/cancel_event_registration_invitation.go:45.2,45.18 1 0
apps/backend/core-api/internal/usecase/event_registration/cancel_event_registration_invitation.go:45.18,47.3 1 0
apps/backend/core-api/internal/usecase/event_registration/cancel_event_registration_invitation.go:50.2,56.16 4 0
apps/backend/core-api/internal/usecase/event_registration/cancel_event_registration_invitation.go:56.16,58.3 1 0
apps/backend/core-api/internal/usecase/event_registration/cancel_event_registration_invitation.go:61.2,66.16 3 0
apps/backend/core-api/internal/usecase/event_registration/cancel_event_registration_invitation.go:66.16,68.3 1 0
apps/backend/core-api/internal/usecase/event_registration/cancel_event_registration_invitation.go:71.2,72.29 2 0
apps/backend/core-api/internal/usecase/event_registration/cancel_event_registration_invitation.go:72.29,74.3 1 0
apps/backend/core-api/internal/usecase/event_registration/cancel_event_registration_invitation.go:74.8,74.54 1 0
apps/backend/core-api/internal/usecase/event_registration/cancel_event_registration_invitation.go:74.54,76.3 1 0
apps/backend/core-api/internal/usecase/event_registration/cancel_event_registration_invitation.go:78.2,78.25 1 0
apps/backend/core-api/internal/usecase/event_registration/cancel_event_registration_invitation.go:78.25,82.3 1 0
apps/backend/core-api/internal/usecase/event_registration/cancel_event_registration_invitation.go:85.2,96.16 3 0
apps/backend/core-api/internal/usecase/event_registration/cancel_event_registration_invitation.go:96.17,100.3 0 0
apps/backend/core-api/internal/usecase/event_registration/cancel_event_registration_invitation.go:102.2,102.31 1 0
apps/backend/core-api/internal/usecase/event_registration/event_registration.go:49.29,61.2 1 0
apps/backend/core-api/internal/usecase/event_registration/get_event_registration_by_user_and_event.go:14.208,19.16 4 0
apps/backend/core-api/internal/usecase/event_registration/get_event_registration_by_user_and_event.go:19.16,21.35 2 0
apps/backend/core-api/internal/usecase/event_registration/get_event_registration_by_user_and_event.go:21.35,22.57 1 0
apps/backend/core-api/internal/usecase/event_registration/get_event_registration_by_user_and_event.go:22.57,24.5 1 0
apps/backend/core-api/internal/usecase/event_registration/get_event_registration_by_user_and_event.go:28.2,28.31 1 0
apps/backend/core-api/internal/usecase/event_registration/get_event_registration_invitations_by_event_id.go:17.234,20.16 2 0
apps/backend/core-api/internal/usecase/event_registration/get_event_registration_invitations_by_event_id.go:20.16,22.3 1 0
apps/backend/core-api/internal/usecase/event_registration/get_event_registration_invitations_by_event_id.go:24.2,24.25 1 0
apps/backend/core-api/internal/usecase/event_registration/import_event_participants.go:17.200,23.16 2 0
apps/backend/core-api/internal/usecase/event_registration/import_event_participants.go:23.16,25.3 1 0
apps/backend/core-api/internal/usecase/event_registration/import_event_participants.go:27.2,27.53 1 0
apps/backend/core-api/internal/usecase/event_registration/import_event_participants.go:27.53,29.3 1 0
apps/backend/core-api/internal/usecase/event_registration/import_event_participants.go:31.2,31.53 1 0
apps/backend/core-api/internal/usecase/event_registration/import_event_participants.go:31.53,33.3 1 0
apps/backend/core-api/internal/usecase/event_registration/import_event_participants.go:35.2,35.35 1 0
apps/backend/core-api/internal/usecase/event_registration/import_event_participants.go:35.35,37.3 1 0
apps/backend/core-api/internal/usecase/event_registration/import_event_participants.go:39.2,42.50 2 0
apps/backend/core-api/internal/usecase/event_registration/import_event_participants.go:42.50,44.30 1 0
apps/backend/core-api/internal/usecase/event_registration/import_event_participants.go:44.30,46.4 1 0
apps/backend/core-api/internal/usecase/event_registration/import_event_participants.go:49.3,54.17 3 0
apps/backend/core-api/internal/usecase/event_registration/import_event_participants.go:54.17,56.4 1 0
apps/backend/core-api/internal/usecase/event_registration/import_event_participants.go:59.3,70.17 3 0
apps/backend/core-api/internal/usecase/event_registration/import_event_participants.go:70.17,72.4 1 0
apps/backend/core-api/internal/usecase/event_registration/import_event_participants.go:75.3,91.17 4 0
apps/backend/core-api/internal/usecase/event_registration/import_event_participants.go:91.17,93.4 1 0
apps/backend/core-api/internal/usecase/event_registration/import_event_participants.go:95.3,95.48 1 0
apps/backend/core-api/internal/usecase/event_registration/import_event_participants.go:98.2,98.25 1 0
apps/backend/core-api/internal/usecase/event_registration/import_event_participants.go:101.34,103.2 1 0
apps/backend/core-api/internal/usecase/event_registration/join_event.go:49.260,51.26 1 0
apps/backend/core-api/internal/usecase/event_registration/join_event.go:51.26,53.17 2 0
apps/backend/core-api/internal/usecase/event_registration/join_event.go:53.17,55.4 1 0
apps/backend/core-api/internal/usecase/event_registration/join_event.go:56.3,56.43 1 0
apps/backend/core-api/internal/usecase/event_registration/join_event.go:61.2,62.16 2 0
apps/backend/core-api/internal/usecase/event_registration/join_event.go:62.16,64.3 1 0
apps/backend/core-api/internal/usecase/event_registration/join_event.go:66.2,67.40 2 0
apps/backend/core-api/internal/usecase/event_registration/join_event.go:70.215,73.16 2 0
apps/backend/core-api/internal/usecase/event_registration/join_event.go:73.16,75.3 1 0
apps/backend/core-api/internal/usecase/event_registration/join_event.go:76.2,76.26 1 0
apps/backend/core-api/internal/usecase/event_registration/join_event.go:76.26,78.3 1 0
apps/backend/core-api/internal/usecase/event_registration/join_event.go:79.2,80.16 2 0
apps/backend/core-api/internal/usecase/event_registration/join_event.go:80.16,82.3 1 0
apps/backend/core-api/internal/usecase/event_registration/join_event.go:83.2,83.29 1 0
apps/backend/core-api/internal/usecase/event_registration/join_event.go:83.29,85.3 1 0
apps/backend/core-api/internal/usecase/event_registration/join_event.go:87.2,90.31 3 0
apps/backend/core-api/internal/usecase/event_registration/join_event.go:98.242,99.24 1 0
apps/backend/core-api/internal/usecase/event_registration/join_event.go:99.24,101.3 1 0
apps/backend/core-api/internal/usecase/event_registration/join_event.go:104.2,104.33 1 0
apps/backend/core-api/internal/usecase/event_registration/join_event.go:104.33,106.17 2 0
apps/backend/core-api/internal/usecase/event_registration/join_event.go:106.17,108.4 1 0
apps/backend/core-api/internal/usecase/event_registration/join_event.go:110.3,110.58 1 0
apps/backend/core-api/internal/usecase/event_registration/join_event.go:110.58,112.4 1 0
apps/backend/core-api/internal/usecase/event_registration/join_event.go:114.3,115.17 2 0
apps/backend/core-api/internal/usecase/event_registration/join_event.go:115.17,117.4 1 0
apps/backend/core-api/internal/usecase/event_registration/join_event.go:118.3,118.13 1 0
apps/backend/core-api/internal/usecase/event_registration/join_event.go:118.13,120.4 1 0
apps/backend/core-api/internal/usecase/event_registration/join_event.go:121.3,121.19 1 0
apps/backend/core-api/internal/usecase/event_registration/join_event.go:125.2,126.16 2 0
apps/backend/core-api/internal/usecase/event_registration/join_event.go:126.16,128.3 1 0
apps/backend/core-api/internal/usecase/event_registration/join_event.go:129.2,129.23 1 0
apps/backend/core-api/internal/usecase/event_registration/join_event.go:129.23,131.3 1 0
apps/backend/core-api/internal/usecase/event_registration/join_event.go:133.2,133.18 1 0
apps/backend/core-api/internal/usecase/event_registration/join_event.go:136.280,137.24 1 0
apps/backend/core-api/internal/usecase/event_registration/join_event.go:137.24,139.3 1 0
apps/backend/core-api/internal/usecase/event_registration/join_event.go:141.2,142.16 2 0
apps/backend/core-api/internal/usecase/event_registration/join_event.go:142.16,144.3 1 0
apps/backend/core-api/internal/usecase/event_registration/join_event.go:145.2,145.32 1 0
apps/backend/core-api/internal/usecase/event_registration/join_event.go:145.32,147.3 1 0
apps/backend/core-api/internal/usecase/event_registration/join_event.go:149.2,150.16 2 0
apps/backend/core-api/internal/usecase/event_registration/join_event.go:150.16,152.3 1 0
apps/backend/core-api/internal/usecase/event_registration/join_event.go:153.2,153.17 1 0
apps/backend/core-api/internal/usecase/event_registration/join_event.go:153.17,155.3 1 0
apps/backend/core-api/internal/usecase/event_registration/join_event.go:159.2,160.16 2 0
apps/backend/core-api/internal/usecase/event_registration/join_event.go:160.16,162.3 1 0
apps/backend/core-api/internal/usecase/event_registration/join_event.go:163.2,163.64 1 0
apps/backend/core-api/internal/usecase/event_registration/join_event.go:163.64,165.3 1 0
apps/backend/core-api/internal/usecase/event_registration/join_event.go:168.2,169.16 2 0
apps/backend/core-api/internal/usecase/event_registration/join_event.go:169.16,171.3 1 0
apps/backend/core-api/internal/usecase/event_registration/join_event.go:173.2,174.16 2 0
apps/backend/core-api/internal/usecase/event_registration/join_event.go:174.16,176.3 1 0
apps/backend/core-api/internal/usecase/event_registration/join_event.go:179.2,180.16 2 0
apps/backend/core-api/internal/usecase/event_registration/join_event.go:180.16,182.3 1 0
apps/backend/core-api/internal/usecase/event_registration/join_event.go:185.2,187.16 3 0
apps/backend/core-api/internal/usecase/event_registration/join_event.go:187.16,189.3 1 0
apps/backend/core-api/internal/usecase/event_registration/join_event.go:191.2,191.126 1 0
apps/backend/core-api/internal/usecase/event_registration/join_event.go:194.307,195.24 1 0
apps/backend/core-api/internal/usecase/event_registration/join_event.go:195.24,197.3 1 0
apps/backend/core-api/internal/usecase/event_registration/join_event.go:199.2,200.16 2 0
apps/backend/core-api/internal/usecase/event_registration/join_event.go:200.16,202.3 1 0
apps/backend/core-api/internal/usecase/event_registration/join_event.go:203.2,203.32 1 0
apps/backend/core-api/internal/usecase/event_registration/join_event.go:203.32,205.3 1 0
apps/backend/core-api/internal/usecase/event_registration/join_event.go:209.2,210.16 2 0
apps/backend/core-api/internal/usecase/event_registration/join_event.go:210.16,212.3 1 0
apps/backend/core-api/internal/usecase/event_registration/join_event.go:213.2,213.57 1 0
apps/backend/core-api/internal/usecase/event_registration/join_event.go:213.57,215.3 1 0
apps/backend/core-api/internal/usecase/event_registration/join_event.go:218.2,222.16 3 0
apps/backend/core-api/internal/usecase/event_registration/join_event.go:222.16,224.3 1 0
apps/backend/core-api/internal/usecase/event_registration/join_event.go:225.2,226.16 2 0
apps/backend/core-api/internal/usecase/event_registration/join_event.go:226.16,228.3 1 0
apps/backend/core-api/internal/usecase/event_registration/join_event.go:229.2,229.14 1 0
apps/backend/core-api/internal/usecase/event_registration/join_event.go:229.14,231.3 1 0
apps/backend/core-api/internal/usecase/event_registration/join_event.go:232.2,235.16 3 0
apps/backend/core-api/internal/usecase/event_registration/join_event.go:235.16,237.3 1 0
apps/backend/core-api/internal/usecase/event_registration/join_event.go:238.2,238.18 1 0
apps/backend/core-api/internal/usecase/event_registration/join_event.go:238.18,240.3 1 0
apps/backend/core-api/internal/usecase/event_registration/join_event.go:243.2,244.16 2 0
apps/backend/core-api/internal/usecase/event_registration/join_event.go:244.16,246.3 1 0
apps/backend/core-api/internal/usecase/event_registration/join_event.go:247.2,247.17 1 0
apps/backend/core-api/internal/usecase/event_registration/join_event.go:247.17,249.3 1 0
apps/backend/core-api/internal/usecase/event_registration/join_event.go:251.2,251.127 1 0
apps/backend/core-api/internal/usecase/event_registration/join_event.go:254.305,255.24 1 0
apps/backend/core-api/internal/usecase/event_registration/join_event.go:255.24,257.3 1 0
apps/backend/core-api/internal/usecase/event_registration/join_event.go:258.2,258.31 1 0
apps/backend/core-api/internal/usecase/event_registration/join_event.go:258.31,260.3 1 0
apps/backend/core-api/internal/usecase/event_registration/join_event.go:262.2,263.16 2 0
apps/backend/core-api/internal/usecase/event_registration/join_event.go:263.16,265.3 1 0
apps/backend/core-api/internal/usecase/event_registration/join_event.go:269.2,270.16 2 0
apps/backend/core-api/internal/usecase/event_registration/join_event.go:270.16,272.3 1 0
apps/backend/core-api/internal/usecase/event_registration/join_event.go:273.2,274.43 2 0
apps/backend/core-api/internal/usecase/event_registration/join_event.go:274.43,275.48 1 0
apps/backend/core-api/internal/usecase/event_registration/join_event.go:275.48,277.9 2 0
apps/backend/core-api/internal/usecase/event_registration/join_event.go:282.2,282.23 1 0
apps/backend/core-api/internal/usecase/event_registration/join_event.go:282.23,285.17 2 0
apps/backend/core-api/internal/usecase/event_registration/join_event.go:285.17,287.4 1 0
apps/backend/core-api/internal/usecase/event_registration/join_event.go:288.3,288.42 1 0
apps/backend/core-api/internal/usecase/event_registration/join_event.go:288.42,290.4 1 0
apps/backend/core-api/internal/usecase/event_registration/join_event.go:294.2,294.23 1 0
apps/backend/core-api/internal/usecase/event_registration/join_event.go:294.23,296.17 2 0
apps/backend/core-api/internal/usecase/event_registration/join_event.go:296.17,298.4 1 0
apps/backend/core-api/internal/usecase/event_registration/join_event.go:301.3,306.17 3 0
apps/backend/core-api/internal/usecase/event_registration/join_event.go:306.17,308.4 1 0
apps/backend/core-api/internal/usecase/event_registration/join_event.go:309.3,309.19 1 0
apps/backend/core-api/internal/usecase/event_registration/join_event.go:309.19,311.4 1 0
apps/backend/core-api/internal/usecase/event_registration/join_event.go:314.3,315.17 2 0
apps/backend/core-api/internal/usecase/event_registration/join_event.go:315.17,317.4 1 0
apps/backend/core-api/internal/usecase/event_registration/join_event.go:319.3,320.17 2 0
apps/backend/core-api/internal/usecase/event_registration/join_event.go:320.17,322.4 1 0
apps/backend/core-api/internal/usecase/event_registration/join_event.go:323.3,323.51 1 0
apps/backend/core-api/internal/usecase/event_registration/join_event.go:323.51,325.4 1 0
apps/backend/core-api/internal/usecase/event_registration/join_event.go:327.3,329.31 3 0
apps/backend/core-api/internal/usecase/event_registration/join_event.go:329.31,331.4 1 0
apps/backend/core-api/internal/usecase/event_registration/join_event.go:334.3,341.17 3 0
apps/backend/core-api/internal/usecase/event_registration/join_event.go:341.17,343.4 1 0
apps/backend/core-api/internal/usecase/event_registration/join_event.go:347.3,348.17 2 0
apps/backend/core-api/internal/usecase/event_registration/join_event.go:348.17,350.4 1 0
apps/backend/core-api/internal/usecase/event_registration/join_event.go:352.3,353.17 2 0
apps/backend/core-api/internal/usecase/event_registration/join_event.go:353.17,355.4 1 0
apps/backend/core-api/internal/usecase/event_registration/join_event.go:357.3,357.54 1 0
apps/backend/core-api/internal/usecase/event_registration/join_event.go:357.54,359.4 1 0
apps/backend/core-api/internal/usecase/event_registration/join_event.go:363.2,364.16 2 0
apps/backend/core-api/internal/usecase/event_registration/join_event.go:364.16,366.35 2 0
apps/backend/core-api/internal/usecase/event_registration/join_event.go:366.35,367.57 1 0
apps/backend/core-api/internal/usecase/event_registration/join_event.go:367.57,369.5 1 0
apps/backend/core-api/internal/usecase/event_registration/join_event.go:370.9,372.4 1 0
apps/backend/core-api/internal/usecase/event_registration/join_event.go:374.2,375.45 2 0
apps/backend/core-api/internal/usecase/event_registration/join_event.go:375.45,377.3 1 0
apps/backend/core-api/internal/usecase/event_registration/join_event.go:380.2,395.16 2 0
apps/backend/core-api/internal/usecase/event_registration/join_event.go:395.16,397.3 1 0
apps/backend/core-api/internal/usecase/event_registration/join_event.go:401.2,404.34 3 0
apps/backend/core-api/internal/usecase/event_registration/join_event.go:404.34,405.56 1 0
apps/backend/core-api/internal/usecase/event_registration/join_event.go:405.56,407.4 1 0
apps/backend/core-api/internal/usecase/event_registration/join_event.go:410.2,410.37 1 0
apps/backend/core-api/internal/usecase/event_registration/join_event.go:410.37,413.17 3 0
apps/backend/core-api/internal/usecase/event_registration/join_event.go:413.17,415.4 1 0
apps/backend/core-api/internal/usecase/event_registration/join_event.go:418.2,418.27 1 0
apps/backend/core-api/internal/usecase/event/create_event.go:42.192,44.16 2 1
apps/backend/core-api/internal/usecase/event/create_event.go:44.16,46.3 1 1
apps/backend/core-api/internal/usecase/event/create_event.go:48.2,49.26 2 1
apps/backend/core-api/internal/usecase/event/create_event.go:49.26,51.3 1 1
apps/backend/core-api/internal/usecase/event/create_event.go:53.2,54.16 2 1
apps/backend/core-api/internal/usecase/event/create_event.go:54.16,56.3 1 1
apps/backend/core-api/internal/usecase/event/create_event.go:58.2,59.16 2 1
apps/backend/core-api/internal/usecase/event/create_event.go:59.16,61.3 1 1
apps/backend/core-api/internal/usecase/event/create_event.go:64.2,67.18 2 0
apps/backend/core-api/internal/usecase/event/create_event.go:67.18,69.3 1 0
apps/backend/core-api/internal/usecase/event/create_event.go:70.2,93.16 3 0
apps/backend/core-api/internal/usecase/event/create_event.go:93.16,97.3 3 0
apps/backend/core-api/internal/usecase/event/create_event.go:99.2,100.52 2 0
apps/backend/core-api/internal/usecase/event/create_event.go:100.52,102.3 1 0
apps/backend/core-api/internal/usecase/event/create_event.go:104.2,105.16 2 0
apps/backend/core-api/internal/usecase/event/create_event.go:105.16,107.3 1 0
apps/backend/core-api/internal/usecase/event/create_event.go:109.2,110.16 2 0
apps/backend/core-api/internal/usecase/event/create_event.go:110.16,112.3 1 0
apps/backend/core-api/internal/usecase/event/create_event.go:114.2,115.16 2 0
apps/backend/core-api/internal/usecase/event/create_event.go:115.16,117.3 1 0
apps/backend/core-api/internal/usecase/event/create_event.go:119.2,125.16 2 0
apps/backend/core-api/internal/usecase/event/create_event.go:125.16,127.3 1 0
apps/backend/core-api/internal/usecase/event/create_event.go:130.2,131.16 2 0
apps/backend/core-api/internal/usecase/event/create_event.go:131.16,133.3 1 0
apps/backend/core-api/internal/usecase/event/create_event.go:135.2,143.16 2 0
apps/backend/core-api/internal/usecase/event/create_event.go:143.16,145.3 1 0
apps/backend/core-api/internal/usecase/event/create_event.go:148.2,149.16 2 0
apps/backend/core-api/internal/usecase/event/create_event.go:149.16,151.3 1 0
apps/backend/core-api/internal/usecase/event/create_event.go:153.2,153.72 1 0
apps/backend/core-api/internal/usecase/event/create_event_contract.go:20.149,22.16 2 0
apps/backend/core-api/internal/usecase/event/create_event_contract.go:22.16,24.3 1 0
apps/backend/core-api/internal/usecase/event/create_event_contract.go:27.2,35.74 2 0
apps/backend/core-api/internal/usecase/event/create_event_issuer.go:21.127,30.16 3 0
apps/backend/core-api/internal/usecase/event/create_event_issuer.go:30.16,32.3 1 0
apps/backend/core-api/internal/usecase/event/create_event_issuer.go:34.2,34.20 1 0
apps/backend/core-api/internal/usecase/event/delete_event.go:19.145,21.16 2 0
apps/backend/core-api/internal/usecase/event/delete_event.go:21.16,23.3 1 0
apps/backend/core-api/internal/usecase/event/delete_event.go:25.2,26.16 2 0
apps/backend/core-api/internal/usecase/event/delete_event.go:26.16,28.3 1 0
apps/backend/core-api/internal/usecase/event/delete_event.go:30.2,30.48 1 0
apps/backend/core-api/internal/usecase/event/delete_event.go:30.48,32.3 1 0
apps/backend/core-api/internal/usecase/event/delete_event.go:34.2,35.16 2 0
apps/backend/core-api/internal/usecase/event/delete_event.go:35.16,37.3 1 0
apps/backend/core-api/internal/usecase/event/delete_event.go:39.2,40.48 2 0
apps/backend/core-api/internal/usecase/event/delete_event.go:40.48,42.3 1 0
apps/backend/core-api/internal/usecase/event/delete_event.go:44.2,45.16 2 0
apps/backend/core-api/internal/usecase/event/delete_event.go:45.16,47.3 1 0
apps/backend/core-api/internal/usecase/event/delete_event.go:49.2,50.16 2 0
apps/backend/core-api/internal/usecase/event/delete_event.go:50.16,52.3 1 0
apps/backend/core-api/internal/usecase/event/delete_event.go:54.2,58.16 2 0
apps/backend/core-api/internal/usecase/event/delete_event.go:58.16,60.3 1 0
apps/backend/core-api/internal/usecase/event/delete_event.go:62.2,63.16 2 0
apps/backend/core-api/internal/usecase/event/delete_event.go:63.16,65.3 1 0
apps/backend/core-api/internal/usecase/event/delete_event.go:67.2,68.16 2 0
apps/backend/core-api/internal/usecase/event/delete_event.go:68.16,70.3 1 0
apps/backend/core-api/internal/usecase/event/delete_event.go:72.2,73.16 2 0
apps/backend/core-api/internal/usecase/event/delete_event.go:73.16,75.3 1 0
apps/backend/core-api/internal/usecase/event/delete_event.go:77.2,79.16 3 0
apps/backend/core-api/internal/usecase/event/delete_event.go:79.16,81.3 1 0
apps/backend/core-api/internal/usecase/event/delete_event.go:83.2,92.16 2 0
apps/backend/core-api/internal/usecase/event/delete_event.go:92.16,94.3 1 0
apps/backend/core-api/internal/usecase/event/delete_event.go:96.2,97.16 2 0
apps/backend/core-api/internal/usecase/event/delete_event.go:97.16,99.3 1 0
apps/backend/core-api/internal/usecase/event/delete_event.go:101.2,102.16 2 0
apps/backend/core-api/internal/usecase/event/delete_event.go:102.16,104.3 1 0
apps/backend/core-api/internal/usecase/event/delete_event.go:106.2,106.21 1 0
apps/backend/core-api/internal/usecase/event/delete_event_issuer.go:13.112,15.16 2 0
apps/backend/core-api/internal/usecase/event/delete_event_issuer.go:15.16,17.3 1 0
apps/backend/core-api/internal/usecase/event/delete_event_issuer.go:19.2,20.26 2 0
apps/backend/core-api/internal/usecase/event/delete_event_issuer.go:20.26,22.3 1 0
apps/backend/core-api/internal/usecase/event/delete_event_issuer.go:24.2,25.16 2 0
apps/backend/core-api/internal/usecase/event/delete_event_issuer.go:25.16,27.3 1 0
apps/backend/core-api/internal/usecase/event/delete_event_issuer.go:29.2,29.12 1 0
apps/backend/core-api/internal/usecase/event/event.go:37.819,58.2 4 0
apps/backend/core-api/internal/usecase/event/event_contract.go:11.121,13.2 1 0
apps/backend/core-api/internal/usecase/event/event_contract.go:15.90,17.2 1 0
apps/backend/core-api/internal/usecase/event/event_issuer.go:10.122,12.2 1 0
apps/backend/core-api/internal/usecase/event/event_issuer.go:14.109,16.2 1 0
apps/backend/core-api/internal/usecase/event/get_event.go:78.166,80.16 2 0
apps/backend/core-api/internal/usecase/event/get_event.go:80.16,82.3 1 0
apps/backend/core-api/internal/usecase/event/get_event.go:84.2,84.20 1 0
apps/backend/core-api/internal/usecase/event/get_event.go:87.100,89.16 2 0
apps/backend/core-api/internal/usecase/event/get_event.go:89.16,91.3 1 0
apps/backend/core-api/internal/usecase/event/get_event.go:93.2,93.19 1 0
apps/backend/core-api/internal/usecase/event/get_event.go:96.145,99.16 2 0
apps/backend/core-api/internal/usecase/event/get_event.go:99.16,101.3 1 0
apps/backend/core-api/internal/usecase/event/get_event.go:103.2,110.16 6 0
apps/backend/core-api/internal/usecase/event/get_event.go:110.16,112.35 2 0
apps/backend/core-api/internal/usecase/event/get_event.go:112.35,113.57 1 0
apps/backend/core-api/internal/usecase/event/get_event.go:113.57,115.5 1 0
apps/backend/core-api/internal/usecase/event/get_event.go:118.2,118.23 1 0
apps/backend/core-api/internal/usecase/event/get_event.go:118.23,120.3 1 0
apps/backend/core-api/internal/usecase/event/get_event.go:122.2,122.15 1 0
apps/backend/core-api/internal/usecase/event/get_event.go:122.15,124.17 2 0
apps/backend/core-api/internal/usecase/event/get_event.go:124.17,126.36 2 0
apps/backend/core-api/internal/usecase/event/get_event.go:126.36,127.58 1 0
apps/backend/core-api/internal/usecase/event/get_event.go:127.58,129.6 1 0
apps/backend/core-api/internal/usecase/event/get_event.go:130.10,132.5 1 0
apps/backend/core-api/internal/usecase/event/get_event.go:134.3,134.22 1 0
apps/backend/core-api/internal/usecase/event/get_event.go:134.22,136.4 1 0
apps/backend/core-api/internal/usecase/event/get_event.go:140.2,141.16 2 0
apps/backend/core-api/internal/usecase/event/get_event.go:141.16,143.3 1 0
apps/backend/core-api/internal/usecase/event/get_event.go:144.2,144.26 1 0
apps/backend/core-api/internal/usecase/event/get_event.go:144.26,146.3 1 0
apps/backend/core-api/internal/usecase/event/get_event.go:149.2,181.8 3 0
apps/backend/core-api/internal/usecase/event/get_event.go:184.159,187.16 2 0
apps/backend/core-api/internal/usecase/event/get_event.go:187.16,189.3 1 0
apps/backend/core-api/internal/usecase/event/get_event.go:191.2,191.26 1 0
apps/backend/core-api/internal/usecase/event/import_certificate_receivers.go:47.212,50.16 2 1
apps/backend/core-api/internal/usecase/event/import_certificate_receivers.go:50.16,52.3 1 1
apps/backend/core-api/internal/usecase/event/import_certificate_receivers.go:54.2,54.37 1 1
apps/backend/core-api/internal/usecase/event/import_certificate_receivers.go:54.37,56.3 1 1
apps/backend/core-api/internal/usecase/event/import_certificate_receivers.go:58.2,58.43 1 1
apps/backend/core-api/internal/usecase/event/import_certificate_receivers.go:58.43,60.3 1 1
apps/backend/core-api/internal/usecase/event/import_certificate_receivers.go:63.2,64.16 2 1
apps/backend/core-api/internal/usecase/event/import_certificate_receivers.go:64.16,66.3 1 0
apps/backend/core-api/internal/usecase/event/import_certificate_receivers.go:68.2,68.18 1 1
apps/backend/core-api/internal/usecase/event/import_certificate_receivers.go:68.18,70.3 1 1
apps/backend/core-api/internal/usecase/event/import_certificate_receivers.go:73.2,74.16 2 1
apps/backend/core-api/internal/usecase/event/import_certificate_receivers.go:74.16,76.3 1 0
apps/backend/core-api/internal/usecase/event/import_certificate_receivers.go:78.2,78.26 1 1
apps/backend/core-api/internal/usecase/event/import_certificate_receivers.go:78.26,80.3 1 1
apps/backend/core-api/internal/usecase/event/import_certificate_receivers.go:83.2,84.16 2 1
apps/backend/core-api/internal/usecase/event/import_certificate_receivers.go:84.16,86.3 1 0
apps/backend/core-api/internal/usecase/event/import_certificate_receivers.go:92.2,93.16 2 1
apps/backend/core-api/internal/usecase/event/import_certificate_receivers.go:93.16,95.3 1 1
apps/backend/core-api/internal/usecase/event/import_certificate_receivers.go:98.2,98.51 1 1
apps/backend/core-api/internal/usecase/event/import_certificate_receivers.go:98.51,100.17 2 1
apps/backend/core-api/internal/usecase/event/import_certificate_receivers.go:100.17,102.4 1 0
apps/backend/core-api/internal/usecase/event/import_certificate_receivers.go:104.3,104.40 1 1
apps/backend/core-api/internal/usecase/event/import_certificate_receivers.go:104.40,106.18 2 1
apps/backend/core-api/internal/usecase/event/import_certificate_receivers.go:106.18,108.5 1 1
apps/backend/core-api/internal/usecase/event/import_certificate_receivers.go:112.3,113.17 2 1
apps/backend/core-api/internal/usecase/event/import_certificate_receivers.go:113.17,115.4 1 1
apps/backend/core-api/internal/usecase/event/import_certificate_receivers.go:118.2,119.16 2 1
apps/backend/core-api/internal/usecase/event/import_certificate_receivers.go:119.16,121.3 1 1
apps/backend/core-api/internal/usecase/event/import_certificate_receivers.go:123.2,125.53 2 0
apps/backend/core-api/internal/usecase/event/import_certificate_receivers.go:125.53,128.17 2 0
apps/backend/core-api/internal/usecase/event/import_certificate_receivers.go:128.17,130.4 1 0
apps/backend/core-api/internal/usecase/event/import_certificate_receivers.go:132.3,133.17 2 0
apps/backend/core-api/internal/usecase/event/import_certificate_receivers.go:133.17,135.4 1 0
apps/backend/core-api/internal/usecase/event/import_certificate_receivers.go:137.3,143.17 2 0
apps/backend/core-api/internal/usecase/event/import_certificate_receivers.go:143.17,145.4 1 0
apps/backend/core-api/internal/usecase/event/import_certificate_receivers.go:148.3,149.17 2 0
apps/backend/core-api/internal/usecase/event/import_certificate_receivers.go:149.17,151.4 1 0
apps/backend/core-api/internal/usecase/event/import_certificate_receivers.go:153.3,153.61 1 0
apps/backend/core-api/internal/usecase/event/import_certificate_receivers.go:154.8,156.3 1 0
apps/backend/core-api/internal/usecase/event/import_certificate_receivers.go:159.2,166.16 2 0
apps/backend/core-api/internal/usecase/event/import_certificate_receivers.go:166.16,168.3 1 0
apps/backend/core-api/internal/usecase/event/import_certificate_receivers.go:171.2,174.31 3 0
apps/backend/core-api/internal/usecase/event/import_certificate_receivers.go:174.31,177.27 2 0
apps/backend/core-api/internal/usecase/event/import_certificate_receivers.go:177.27,179.4 1 0
apps/backend/core-api/internal/usecase/event/import_certificate_receivers.go:180.3,181.26 2 0
apps/backend/core-api/internal/usecase/event/import_certificate_receivers.go:181.26,183.4 1 0
apps/backend/core-api/internal/usecase/event/import_certificate_receivers.go:184.3,185.37 2 0
apps/backend/core-api/internal/usecase/event/import_certificate_receivers.go:185.37,187.4 1 0
apps/backend/core-api/internal/usecase/event/import_certificate_receivers.go:188.3,189.34 2 0
apps/backend/core-api/internal/usecase/event/import_certificate_receivers.go:189.34,191.4 1 0
apps/backend/core-api/internal/usecase/event/import_certificate_receivers.go:192.3,193.37 2 0
apps/backend/core-api/internal/usecase/event/import_certificate_receivers.go:193.37,195.4 1 0
apps/backend/core-api/internal/usecase/event/import_certificate_receivers.go:198.3,221.17 6 0
apps/backend/core-api/internal/usecase/event/import_certificate_receivers.go:221.17,223.4 1 0
apps/backend/core-api/internal/usecase/event/import_certificate_receivers.go:225.3,226.58 2 0
apps/backend/core-api/internal/usecase/event/import_certificate_receivers.go:232.2,233.31 2 0
apps/backend/core-api/internal/usecase/event/import_certificate_receivers.go:233.31,236.27 2 0
apps/backend/core-api/internal/usecase/event/import_certificate_receivers.go:236.27,238.4 1 0
apps/backend/core-api/internal/usecase/event/import_certificate_receivers.go:239.3,240.26 2 0
apps/backend/core-api/internal/usecase/event/import_certificate_receivers.go:240.26,242.4 1 0
apps/backend/core-api/internal/usecase/event/import_certificate_receivers.go:243.3,244.37 2 0
apps/backend/core-api/internal/usecase/event/import_certificate_receivers.go:244.37,246.4 1 0
apps/backend/core-api/internal/usecase/event/import_certificate_receivers.go:247.3,248.34 2 0
apps/backend/core-api/internal/usecase/event/import_certificate_receivers.go:248.34,250.4 1 0
apps/backend/core-api/internal/usecase/event/import_certificate_receivers.go:251.3,252.37 2 0
apps/backend/core-api/internal/usecase/event/import_certificate_receivers.go:252.37,254.4 1 0
apps/backend/core-api/internal/usecase/event/import_certificate_receivers.go:257.3,265.45 5 0
apps/backend/core-api/internal/usecase/event/import_certificate_receivers.go:268.2,275.16 3 0
apps/backend/core-api/internal/usecase/event/import_certificate_receivers.go:275.16,277.3 1 0
apps/backend/core-api/internal/usecase/event/import_certificate_receivers.go:278.2,283.16 4 0
apps/backend/core-api/internal/usecase/event/import_certificate_receivers.go:283.16,285.3 1 0
apps/backend/core-api/internal/usecase/event/import_certificate_receivers.go:288.2,288.47 1 0
apps/backend/core-api/internal/usecase/event/import_certificate_receivers.go:288.47,291.17 2 0
apps/backend/core-api/internal/usecase/event/import_certificate_receivers.go:291.17,293.4 1 0
apps/backend/core-api/internal/usecase/event/import_certificate_receivers.go:296.3,296.39 1 0
apps/backend/core-api/internal/usecase/event/import_certificate_receivers.go:296.39,308.18 4 0
apps/backend/core-api/internal/usecase/event/import_certificate_receivers.go:308.18,310.5 1 0
apps/backend/core-api/internal/usecase/event/import_certificate_receivers.go:314.2,318.8 1 0
apps/backend/core-api/internal/usecase/event/import_certificate_receivers.go:322.44,324.19 2 0
apps/backend/core-api/internal/usecase/event/import_certificate_receivers.go:324.19,326.3 1 0
apps/backend/core-api/internal/usecase/event/import_certificate_receivers.go:327.2,327.17 1 0
apps/backend/core-api/internal/usecase/event/list_event_attendees.go:11.116,14.16 2 0
apps/backend/core-api/internal/usecase/event/list_event_attendees.go:14.16,16.3 1 0
apps/backend/core-api/internal/usecase/event/list_event_attendees.go:19.2,20.16 2 0
apps/backend/core-api/internal/usecase/event/list_event_attendees.go:20.16,22.3 1 0
apps/backend/core-api/internal/usecase/event/list_event_attendees.go:24.2,24.23 1 0
apps/backend/core-api/internal/usecase/event/list_events.go:17.111,18.40 1 1
apps/backend/core-api/internal/usecase/event/list_events.go:18.40,20.17 2 1
apps/backend/core-api/internal/usecase/event/list_events.go:20.17,22.4 1 1
apps/backend/core-api/internal/usecase/event/list_events.go:23.3,24.32 2 1
apps/backend/core-api/internal/usecase/event/list_events.go:24.32,25.83 1 1
apps/backend/core-api/internal/usecase/event/list_events.go:25.83,27.5 1 1
apps/backend/core-api/internal/usecase/event/list_events.go:28.4,28.87 1 1
apps/backend/core-api/internal/usecase/event/list_events.go:28.87,30.5 1 0
apps/backend/core-api/internal/usecase/event/list_events.go:31.4,31.83 1 1
apps/backend/core-api/internal/usecase/event/list_events.go:31.83,33.5 1 0
apps/backend/core-api/internal/usecase/event/list_events.go:35.3,35.29 1 1
apps/backend/core-api/internal/usecase/event/list_events.go:37.2,38.16 2 1
apps/backend/core-api/internal/usecase/event/list_events.go:38.16,40.3 1 1
apps/backend/core-api/internal/usecase/event/list_events.go:41.2,42.31 2 1
apps/backend/core-api/internal/usecase/event/list_events.go:42.31,43.82 1 1
apps/backend/core-api/internal/usecase/event/list_events.go:43.82,45.4 1 1
apps/backend/core-api/internal/usecase/event/list_events.go:46.3,46.86 1 1
apps/backend/core-api/internal/usecase/event/list_events.go:46.86,48.4 1 1
apps/backend/core-api/internal/usecase/event/list_events.go:49.3,49.82 1 1
apps/backend/core-api/internal/usecase/event/list_events.go:49.82,51.4 1 1
apps/backend/core-api/internal/usecase/event/list_events.go:53.2,53.28 1 1
apps/backend/core-api/internal/usecase/event/publish_event_certificates.go:35.162,38.16 2 0
apps/backend/core-api/internal/usecase/event/publish_event_certificates.go:38.16,40.3 1 0
apps/backend/core-api/internal/usecase/event/publish_event_certificates.go:42.2,42.37 1 0
apps/backend/core-api/internal/usecase/event/publish_event_certificates.go:42.37,44.3 1 0
apps/backend/core-api/internal/usecase/event/publish_event_certificates.go:47.2,48.16 2 0
apps/backend/core-api/internal/usecase/event/publish_event_certificates.go:48.16,50.3 1 0
apps/backend/core-api/internal/usecase/event/publish_event_certificates.go:52.2,52.18 1 0
apps/backend/core-api/internal/usecase/event/publish_event_certificates.go:52.18,54.3 1 0
apps/backend/core-api/internal/usecase/event/publish_event_certificates.go:56.2,56.51 1 0
apps/backend/core-api/internal/usecase/event/publish_event_certificates.go:56.51,58.3 1 0
apps/backend/core-api/internal/usecase/event/publish_event_certificates.go:61.2,62.16 2 0
apps/backend/core-api/internal/usecase/event/publish_event_certificates.go:62.16,64.3 1 0
apps/backend/core-api/internal/usecase/event/publish_event_certificates.go:66.2,66.28 1 0
apps/backend/core-api/internal/usecase/event/publish_event_certificates.go:66.28,68.3 1 0
apps/backend/core-api/internal/usecase/event/publish_event_certificates.go:71.2,72.16 2 0
apps/backend/core-api/internal/usecase/event/publish_event_certificates.go:72.16,74.3 1 0
apps/backend/core-api/internal/usecase/event/publish_event_certificates.go:76.2,76.28 1 0
apps/backend/core-api/internal/usecase/event/publish_event_certificates.go:76.28,78.3 1 0
apps/backend/core-api/internal/usecase/event/publish_event_certificates.go:81.2,81.43 1 0
apps/backend/core-api/internal/usecase/event/publish_event_certificates.go:81.43,83.17 2 0
apps/backend/core-api/internal/usecase/event/publish_event_certificates.go:83.17,85.4 1 0
apps/backend/core-api/internal/usecase/event/publish_event_certificates.go:88.3,88.43 1 0
apps/backend/core-api/internal/usecase/event/publish_event_certificates.go:88.43,90.4 1 0
apps/backend/core-api/internal/usecase/event/publish_event_certificates.go:93.3,93.40 1 0
apps/backend/core-api/internal/usecase/event/publish_event_certificates.go:93.40,94.76 1 0
apps/backend/core-api/internal/usecase/event/publish_event_certificates.go:94.76,96.5 1 0
apps/backend/core-api/internal/usecase/event/publish_event_certificates.go:101.2,105.16 2 0
apps/backend/core-api/internal/usecase/event/publish_event_certificates.go:105.16,107.3 1 0
apps/backend/core-api/internal/usecase/event/publish_event_certificates.go:110.2,111.43 2 0
apps/backend/core-api/internal/usecase/event/publish_event_certificates.go:111.43,113.40 1 0
apps/backend/core-api/internal/usecase/event/publish_event_certificates.go:113.40,115.12 1 0
apps/backend/core-api/internal/usecase/event/publish_event_certificates.go:119.3,119.75 1 0
apps/backend/core-api/internal/usecase/event/publish_event_certificates.go:119.75,122.4 1 0
apps/backend/core-api/internal/usecase/event/publish_event_certificates.go:125.3,130.17 3 0
apps/backend/core-api/internal/usecase/event/publish_event_certificates.go:130.17,132.4 1 0
apps/backend/core-api/internal/usecase/event/publish_event_certificates.go:134.3,148.17 3 0
apps/backend/core-api/internal/usecase/event/publish_event_certificates.go:148.17,150.4 1 0
apps/backend/core-api/internal/usecase/event/publish_event_certificates.go:153.3,154.17 2 0
apps/backend/core-api/internal/usecase/event/publish_event_certificates.go:154.17,156.4 1 0
apps/backend/core-api/internal/usecase/event/publish_event_certificates.go:158.3,158.25 1 0
apps/backend/core-api/internal/usecase/event/publish_event_certificates.go:161.2,166.8 1 0
apps/backend/core-api/internal/usecase/event/revoke_all_event_certificates.go:20.166,23.16 2 0
apps/backend/core-api/internal/usecase/event/revoke_all_event_certificates.go:23.16,25.3 1 0
apps/backend/core-api/internal/usecase/event/revoke_all_event_certificates.go:27.2,27.37 1 0
apps/backend/core-api/internal/usecase/event/revoke_all_event_certificates.go:27.37,29.3 1 0
apps/backend/core-api/internal/usecase/event/revoke_all_event_certificates.go:32.2,33.16 2 0
apps/backend/core-api/internal/usecase/event/revoke_all_event_certificates.go:33.16,35.3 1 0
apps/backend/core-api/internal/usecase/event/revoke_all_event_certificates.go:37.2,37.46 1 0
apps/backend/core-api/internal/usecase/event/revoke_all_event_certificates.go:37.46,39.3 1 0
apps/backend/core-api/internal/usecase/event/revoke_all_event_certificates.go:41.2,41.18 1 0
apps/backend/core-api/internal/usecase/event/revoke_all_event_certificates.go:41.18,43.3 1 0
apps/backend/core-api/internal/usecase/event/revoke_all_event_certificates.go:46.2,47.16 2 0
apps/backend/core-api/internal/usecase/event/revoke_all_event_certificates.go:47.16,49.3 1 0
apps/backend/core-api/internal/usecase/event/revoke_all_event_certificates.go:52.2,52.30 1 0
apps/backend/core-api/internal/usecase/event/revoke_all_event_certificates.go:52.30,56.3 1 0
apps/backend/core-api/internal/usecase/event/revoke_all_event_certificates.go:59.2,62.47 3 0
apps/backend/core-api/internal/usecase/event/revoke_all_event_certificates.go:62.47,65.17 2 0
apps/backend/core-api/internal/usecase/event/revoke_all_event_certificates.go:65.17,67.4 1 0
apps/backend/core-api/internal/usecase/event/revoke_all_event_certificates.go:69.3,69.25 1 0
apps/backend/core-api/internal/usecase/event/revoke_all_event_certificates.go:69.25,71.4 1 0
apps/backend/core-api/internal/usecase/event/revoke_all_event_certificates.go:74.3,86.17 2 0
apps/backend/core-api/internal/usecase/event/revoke_all_event_certificates.go:86.17,88.4 1 0
apps/backend/core-api/internal/usecase/event/revoke_all_event_certificates.go:90.3,90.72 1 0
apps/backend/core-api/internal/usecase/event/revoke_all_event_certificates.go:93.2,95.8 1 0
apps/backend/core-api/internal/usecase/event/revoke_event_certificates.go:24.200,27.16 2 0
apps/backend/core-api/internal/usecase/event/revoke_event_certificates.go:27.16,29.3 1 0
apps/backend/core-api/internal/usecase/event/revoke_event_certificates.go:31.2,31.37 1 0
apps/backend/core-api/internal/usecase/event/revoke_event_certificates.go:31.37,33.3 1 0
apps/backend/core-api/internal/usecase/event/revoke_event_certificates.go:36.2,37.16 2 0
apps/backend/core-api/internal/usecase/event/revoke_event_certificates.go:37.16,39.3 1 0
apps/backend/core-api/internal/usecase/event/revoke_event_certificates.go:41.2,41.18 1 0
apps/backend/core-api/internal/usecase/event/revoke_event_certificates.go:41.18,43.3 1 0
apps/backend/core-api/internal/usecase/event/revoke_event_certificates.go:46.2,49.55 3 0
apps/backend/core-api/internal/usecase/event/revoke_event_certificates.go:49.55,52.17 2 0
apps/backend/core-api/internal/usecase/event/revoke_event_certificates.go:52.17,54.4 1 0
apps/backend/core-api/internal/usecase/event/revoke_event_certificates.go:56.3,56.25 1 0
apps/backend/core-api/internal/usecase/event/revoke_event_certificates.go:56.25,58.4 1 0
apps/backend/core-api/internal/usecase/event/revoke_event_certificates.go:61.3,73.17 2 0
apps/backend/core-api/internal/usecase/event/revoke_event_certificates.go:73.17,75.4 1 0
apps/backend/core-api/internal/usecase/event/revoke_event_certificates.go:77.3,77.72 1 0
apps/backend/core-api/internal/usecase/event/revoke_event_certificates.go:80.2,82.8 1 0
apps/backend/core-api/internal/usecase/event/sign_event_certificates.go:30.194,33.16 2 1
apps/backend/core-api/internal/usecase/event/sign_event_certificates.go:33.16,35.3 1 1
apps/backend/core-api/internal/usecase/event/sign_event_certificates.go:37.2,37.34 1 1
apps/backend/core-api/internal/usecase/event/sign_event_certificates.go:37.34,39.3 1 1
apps/backend/core-api/internal/usecase/event/sign_event_certificates.go:42.2,43.16 2 1
apps/backend/core-api/internal/usecase/event/sign_event_certificates.go:43.16,45.3 1 1
apps/backend/core-api/internal/usecase/event/sign_event_certificates.go:47.2,47.18 1 1
apps/backend/core-api/internal/usecase/event/sign_event_certificates.go:47.18,49.3 1 0
apps/backend/core-api/internal/usecase/event/sign_event_certificates.go:52.2,53.16 2 1
apps/backend/core-api/internal/usecase/event/sign_event_certificates.go:53.16,55.3 1 0
apps/backend/core-api/internal/usecase/event/sign_event_certificates.go:57.2,57.28 1 1
apps/backend/core-api/internal/usecase/event/sign_event_certificates.go:57.28,59.3 1 1
apps/backend/core-api/internal/usecase/event/sign_event_certificates.go:62.2,63.16 2 1
apps/backend/core-api/internal/usecase/event/sign_event_certificates.go:63.16,65.3 1 1
apps/backend/core-api/internal/usecase/event/sign_event_certificates.go:67.2,67.26 1 1
apps/backend/core-api/internal/usecase/event/sign_event_certificates.go:67.26,69.3 1 0
apps/backend/core-api/internal/usecase/event/sign_event_certificates.go:72.2,73.16 2 1
apps/backend/core-api/internal/usecase/event/sign_event_certificates.go:73.16,75.3 1 1
apps/backend/core-api/internal/usecase/event/sign_event_certificates.go:78.2,80.43 2 0
apps/backend/core-api/internal/usecase/event/sign_event_certificates.go:80.43,83.17 2 0
apps/backend/core-api/internal/usecase/event/sign_event_certificates.go:83.17,85.4 1 0
apps/backend/core-api/internal/usecase/event/sign_event_certificates.go:88.3,89.34 2 0
apps/backend/core-api/internal/usecase/event/sign_event_certificates.go:89.34,90.52 1 0
apps/backend/core-api/internal/usecase/event/sign_event_certificates.go:90.52,92.10 2 0
apps/backend/core-api/internal/usecase/event/sign_event_certificates.go:97.3,97.29 1 0
apps/backend/core-api/internal/usecase/event/sign_event_certificates.go:97.29,98.12 1 0
apps/backend/core-api/internal/usecase/event/sign_event_certificates.go:102.3,102.41 1 0
apps/backend/core-api/internal/usecase/event/sign_event_certificates.go:102.41,104.4 1 0
apps/backend/core-api/internal/usecase/event/sign_event_certificates.go:106.3,108.17 3 0
apps/backend/core-api/internal/usecase/event/sign_event_certificates.go:108.17,110.4 1 0
apps/backend/core-api/internal/usecase/event/sign_event_certificates.go:113.3,123.17 3 0
apps/backend/core-api/internal/usecase/event/sign_event_certificates.go:123.17,125.4 1 0
apps/backend/core-api/internal/usecase/event/sign_event_certificates.go:128.3,131.5 1 0
apps/backend/core-api/internal/usecase/event/sign_event_certificates.go:134.2,134.34 1 0
apps/backend/core-api/internal/usecase/event/sign_event_certificates.go:134.34,136.3 1 0
apps/backend/core-api/internal/usecase/event/sign_event_certificates.go:139.2,140.16 2 0
apps/backend/core-api/internal/usecase/event/sign_event_certificates.go:140.16,142.3 1 0
apps/backend/core-api/internal/usecase/event/sign_event_certificates.go:144.2,146.8 1 0
apps/backend/core-api/internal/usecase/event/update_event.go:39.154,41.16 2 0
apps/backend/core-api/internal/usecase/event/update_event.go:41.16,43.3 1 0
apps/backend/core-api/internal/usecase/event/update_event.go:45.2,46.26 2 0
apps/backend/core-api/internal/usecase/event/update_event.go:46.26,48.3 1 0
apps/backend/core-api/internal/usecase/event/update_event.go:50.2,51.16 2 0
apps/backend/core-api/internal/usecase/event/update_event.go:51.16,53.3 1 0
apps/backend/core-api/internal/usecase/event/update_event.go:55.2,55.20 1 0
apps/backend/core-api/internal/usecase/event/update_event.go:55.20,57.3 1 0
apps/backend/core-api/internal/usecase/event/update_event.go:59.2,59.48 1 0
apps/backend/core-api/internal/usecase/event/update_event.go:59.48,61.3 1 0
apps/backend/core-api/internal/usecase/event/update_event.go:63.2,63.47 1 0
apps/backend/core-api/internal/usecase/event/update_event.go:63.47,65.3 1 0
apps/backend/core-api/internal/usecase/event/update_event.go:67.2,71.31 3 0
apps/backend/core-api/internal/usecase/event/update_event.go:71.31,74.17 3 0
apps/backend/core-api/internal/usecase/event/update_event.go:74.17,76.4 1 0
apps/backend/core-api/internal/usecase/event/update_event.go:78.3,79.17 2 0
apps/backend/core-api/internal/usecase/event/update_event.go:79.17,81.4 1 0
apps/backend/core-api/internal/usecase/event/update_event.go:82.3,82.49 1 0
apps/backend/core-api/internal/usecase/event/update_event.go:86.2,86.29 1 0
apps/backend/core-api/internal/usecase/event/update_event.go:86.29,90.17 3 0
apps/backend/core-api/internal/usecase/event/update_event.go:90.17,92.4 1 0
apps/backend/core-api/internal/usecase/event/update_event.go:93.3,96.17 3 0
apps/backend/core-api/internal/usecase/event/update_event.go:96.17,98.4 1 0
apps/backend/core-api/internal/usecase/event/update_event.go:102.2,118.16 3 0
apps/backend/core-api/internal/usecase/event/update_event.go:118.16,120.3 1 0
apps/backend/core-api/internal/usecase/event/update_event.go:122.2,123.48 2 0
apps/backend/core-api/internal/usecase/event/update_event.go:123.48,125.3 1 0
apps/backend/core-api/internal/usecase/event/update_event.go:127.2,128.16 2 0
apps/backend/core-api/internal/usecase/event/update_event.go:128.16,130.3 1 0
apps/backend/core-api/internal/usecase/event/update_event.go:132.2,133.16 2 0
apps/backend/core-api/internal/usecase/event/update_event.go:133.16,135.3 1 0
apps/backend/core-api/internal/usecase/event/update_event.go:137.2,138.16 2 0
apps/backend/core-api/internal/usecase/event/update_event.go:138.16,140.3 1 0
apps/backend/core-api/internal/usecase/event/update_event.go:142.2,146.16 2 0
apps/backend/core-api/internal/usecase/event/update_event.go:146.16,148.3 1 0
apps/backend/core-api/internal/usecase/event/update_event.go:150.2,151.16 2 0
apps/backend/core-api/internal/usecase/event/update_event.go:151.16,153.3 1 0
apps/backend/core-api/internal/usecase/event/update_event.go:155.2,156.16 2 0
apps/backend/core-api/internal/usecase/event/update_event.go:156.16,158.3 1 0
apps/backend/core-api/internal/usecase/event/update_event.go:160.2,161.16 2 0
apps/backend/core-api/internal/usecase/event/update_event.go:161.16,163.3 1 0
apps/backend/core-api/internal/usecase/event/update_event.go:165.2,167.16 3 0
apps/backend/core-api/internal/usecase/event/update_event.go:167.16,169.3 1 0
apps/backend/core-api/internal/usecase/event/update_event.go:171.2,180.16 2 0
apps/backend/core-api/internal/usecase/event/update_event.go:180.16,182.3 1 0
apps/backend/core-api/internal/usecase/event/update_event.go:184.2,185.16 2 0
apps/backend/core-api/internal/usecase/event/update_event.go:185.16,187.3 1 0
apps/backend/core-api/internal/usecase/event/update_event.go:189.2,189.19 1 0
apps/backend/core-api/internal/usecase/event/update_event_contract.go:20.149,30.2 2 0
apps/backend/core-api/internal/usecase/event/update_event_issuer.go:21.178,23.16 2 0
apps/backend/core-api/internal/usecase/event/update_event_issuer.go:23.16,25.3 1 0
apps/backend/core-api/internal/usecase/event/update_event_issuer.go:27.2,28.26 2 0
apps/backend/core-api/internal/usecase/event/update_event_issuer.go:28.26,30.3 1 0
apps/backend/core-api/internal/usecase/event/update_event_issuer.go:33.2,34.16 2 0
apps/backend/core-api/internal/usecase/event/update_event_issuer.go:34.16,36.3 1 0
apps/backend/core-api/internal/usecase/event/update_event_issuer.go:39.2,40.31 2 0
apps/backend/core-api/internal/usecase/event/update_event_issuer.go:40.31,42.3 1 0
apps/backend/core-api/internal/usecase/event/update_event_issuer.go:45.2,46.40 2 0
apps/backend/core-api/internal/usecase/event/update_event_issuer.go:46.40,48.3 1 0
apps/backend/core-api/internal/usecase/event/update_event_issuer.go:51.2,52.16 2 0
apps/backend/core-api/internal/usecase/event/update_event_issuer.go:52.16,54.3 1 0
apps/backend/core-api/internal/usecase/event/update_event_issuer.go:57.2,60.27 4 0
apps/backend/core-api/internal/usecase/event/update_event_issuer.go:60.27,63.42 2 0
apps/backend/core-api/internal/usecase/event/update_event_issuer.go:63.42,67.4 3 0
apps/backend/core-api/internal/usecase/event/update_event_issuer.go:71.2,71.31 1 0
apps/backend/core-api/internal/usecase/event/update_event_issuer.go:71.31,76.14 3 0
apps/backend/core-api/internal/usecase/event/update_event_issuer.go:76.14,84.18 2 0
apps/backend/core-api/internal/usecase/event/update_event_issuer.go:84.18,86.5 1 0
apps/backend/core-api/internal/usecase/event/update_event_issuer.go:89.4,89.79 1 0
apps/backend/core-api/internal/usecase/event/update_event_issuer.go:89.79,90.39 1 0
apps/backend/core-api/internal/usecase/event/update_event_issuer.go:90.39,100.20 2 0
apps/backend/core-api/internal/usecase/event/update_event_issuer.go:100.20,102.7 1 0
apps/backend/core-api/internal/usecase/event/update_event_issuer.go:109.2,109.47 1 0
apps/backend/core-api/internal/usecase/event/update_event_issuer.go:109.47,110.68 1 0
apps/backend/core-api/internal/usecase/event/update_event_issuer.go:110.68,112.38 1 0
apps/backend/core-api/internal/usecase/event/update_event_issuer.go:112.38,115.19 2 0
apps/backend/core-api/internal/usecase/event/update_event_issuer.go:115.19,117.14 1 0
apps/backend/core-api/internal/usecase/event/update_event_issuer.go:120.5,120.36 1 0
apps/backend/core-api/internal/usecase/event/update_event_issuer.go:120.36,121.68 1 0
apps/backend/core-api/internal/usecase/event/update_event_issuer.go:121.68,123.21 2 0
apps/backend/core-api/internal/usecase/event/update_event_issuer.go:123.21,126.16 1 0
apps/backend/core-api/internal/usecase/event/update_event_issuer.go:133.4,134.18 2 0
apps/backend/core-api/internal/usecase/event/update_event_issuer.go:134.18,136.5 1 0
apps/backend/core-api/internal/usecase/event/update_event_issuer.go:141.2,142.16 2 0
apps/backend/core-api/internal/usecase/event/update_event_issuer.go:142.16,144.3 1 0
apps/backend/core-api/internal/usecase/event/update_event_issuer.go:146.2,146.28 1 0
apps/backend/core-api/internal/usecase/event/upload.go:16.19,18.16 2 0
apps/backend/core-api/internal/usecase/event/upload.go:18.16,20.3 1 0
apps/backend/core-api/internal/usecase/event/upload.go:22.2,23.16 2 0
apps/backend/core-api/internal/usecase/event/upload.go:23.16,25.3 1 0
apps/backend/core-api/internal/usecase/event/upload.go:27.2,27.24 1 0
apps/backend/core-api/internal/usecase/event/upload.go:34.19,36.16 2 0
apps/backend/core-api/internal/usecase/event/upload.go:36.16,38.3 1 0
apps/backend/core-api/internal/usecase/event/upload.go:40.2,41.16 2 0
apps/backend/core-api/internal/usecase/event/upload.go:41.16,43.3 1 0
apps/backend/core-api/internal/usecase/event/upload.go:45.2,45.24 1 0
apps/backend/core-api/internal/usecase/event/utils.go:9.106,11.16 2 0
apps/backend/core-api/internal/usecase/event/utils.go:11.16,13.3 1 0
apps/backend/core-api/internal/usecase/event/utils.go:14.2,15.16 2 0
apps/backend/core-api/internal/usecase/event/utils.go:15.16,17.3 1 0
apps/backend/core-api/internal/usecase/event/utils.go:19.2,44.8 1 0
apps/backend/core-api/internal/usecase/eventconfig/check_certificate_mint_readiness.go:26.144,39.16 3 0
apps/backend/core-api/internal/usecase/eventconfig/check_certificate_mint_readiness.go:39.16,40.36 1 0
apps/backend/core-api/internal/usecase/eventconfig/check_certificate_mint_readiness.go:40.36,42.4 1 0
apps/backend/core-api/internal/usecase/eventconfig/check_certificate_mint_readiness.go:42.9,44.4 1 0
apps/backend/core-api/internal/usecase/eventconfig/check_certificate_mint_readiness.go:45.8,45.37 1 0
apps/backend/core-api/internal/usecase/eventconfig/check_certificate_mint_readiness.go:45.37,47.3 1 0
apps/backend/core-api/internal/usecase/eventconfig/check_certificate_mint_readiness.go:50.2,51.16 2 0
apps/backend/core-api/internal/usecase/eventconfig/check_certificate_mint_readiness.go:51.16,53.3 1 0
apps/backend/core-api/internal/usecase/eventconfig/check_certificate_mint_readiness.go:54.2,58.16 3 0
apps/backend/core-api/internal/usecase/eventconfig/check_certificate_mint_readiness.go:58.16,60.3 1 0
apps/backend/core-api/internal/usecase/eventconfig/check_certificate_mint_readiness.go:61.2,65.16 3 0
apps/backend/core-api/internal/usecase/eventconfig/check_certificate_mint_readiness.go:65.16,67.3 1 0
apps/backend/core-api/internal/usecase/eventconfig/check_certificate_mint_readiness.go:68.2,71.21 2 0
apps/backend/core-api/internal/usecase/eventconfig/check_certificate_mint_readiness.go:71.21,73.3 1 0
apps/backend/core-api/internal/usecase/eventconfig/check_certificate_mint_readiness.go:73.8,73.34 1 0
apps/backend/core-api/internal/usecase/eventconfig/check_certificate_mint_readiness.go:73.34,76.3 1 0
apps/backend/core-api/internal/usecase/eventconfig/check_certificate_mint_readiness.go:79.2,80.16 2 0
apps/backend/core-api/internal/usecase/eventconfig/check_certificate_mint_readiness.go:80.16,81.36 1 0
apps/backend/core-api/internal/usecase/eventconfig/check_certificate_mint_readiness.go:81.36,83.4 1 0
apps/backend/core-api/internal/usecase/eventconfig/check_certificate_mint_readiness.go:83.9,85.4 1 0
apps/backend/core-api/internal/usecase/eventconfig/check_certificate_mint_readiness.go:86.8,86.135 1 0
apps/backend/core-api/internal/usecase/eventconfig/check_certificate_mint_readiness.go:86.135,89.3 2 0
apps/backend/core-api/internal/usecase/eventconfig/check_certificate_mint_readiness.go:89.8,91.3 1 0
apps/backend/core-api/internal/usecase/eventconfig/check_certificate_mint_readiness.go:94.2,98.22 2 0
apps/backend/core-api/internal/usecase/eventconfig/check_event_password.go:13.120,15.16 2 1
apps/backend/core-api/internal/usecase/eventconfig/check_event_password.go:15.16,17.3 1 1
apps/backend/core-api/internal/usecase/eventconfig/check_event_password.go:18.2,18.57 1 1
apps/backend/core-api/internal/usecase/eventconfig/check_event_password.go:18.57,20.3 1 1
apps/backend/core-api/internal/usecase/eventconfig/check_event_password.go:22.2,23.16 2 1
apps/backend/core-api/internal/usecase/eventconfig/check_event_password.go:23.16,25.3 1 0
apps/backend/core-api/internal/usecase/eventconfig/check_event_password.go:26.2,26.11 1 1
apps/backend/core-api/internal/usecase/eventconfig/check_event_password.go:26.11,28.3 1 1
apps/backend/core-api/internal/usecase/eventconfig/check_event_password.go:30.2,30.19 1 1
apps/backend/core-api/internal/usecase/eventconfig/event_certificate_config.go:59.186,62.41 2 0
apps/backend/core-api/internal/usecase/eventconfig/event_certificate_config.go:62.41,64.3 1 0
apps/backend/core-api/internal/usecase/eventconfig/event_certificate_config.go:66.2,67.16 2 0
apps/backend/core-api/internal/usecase/eventconfig/event_certificate_config.go:67.16,69.3 1 0
[...]
apps/backend/core-api/internal/usecase/eventconfig/event_registration_config.go:90.24,92.3 1 0
apps/backend/core-api/internal/usecase/eventconfig/event_registration_config.go:94.2,95.16 2 0
apps/backend/core-api/internal/usecase/eventconfig/event_registration_config.go:95.16,97.3 1 0
apps/backend/core-api/internal/usecase/eventconfig/event_registration_config.go:99.2,100.16 2 0
apps/backend/core-api/internal/usecase/eventconfig/event_registration_config.go:100.16,102.3 1 0
apps/backend/core-api/internal/usecase/eventconfig/event_registration_config.go:104.2,105.16 2 0
apps/backend/core-api/internal/usecase/eventconfig/event_registration_config.go:105.16,107.3 1 0
apps/backend/core-api/internal/usecase/eventconfig/event_registration_config.go:109.2,109.46 1 0
apps/backend/core-api/internal/usecase/eventconfig/event_registration_config.go:109.46,111.3 1 0
apps/backend/core-api/internal/usecase/eventconfig/event_registration_config.go:113.2,126.183 2 0
apps/backend/core-api/internal/usecase/eventconfig/event_registration_config.go:126.183,129.17 2 0
apps/backend/core-api/internal/usecase/eventconfig/event_registration_config.go:129.17,131.4 1 0
apps/backend/core-api/internal/usecase/eventconfig/event_registration_config.go:132.3,132.75 1 0
apps/backend/core-api/internal/usecase/eventconfig/event_registration_config.go:133.8,136.3 1 0
apps/backend/core-api/internal/usecase/eventconfig/event_registration_config.go:138.2,139.16 2 0
apps/backend/core-api/internal/usecase/eventconfig/event_registration_config.go:139.16,141.3 1 0
apps/backend/core-api/internal/usecase/eventconfig/event_registration_config.go:144.2,144.29 1 0
apps/backend/core-api/internal/usecase/eventconfig/event_registration_config.go:144.29,152.17 3 0
apps/backend/core-api/internal/usecase/eventconfig/event_registration_config.go:152.17,154.4 1 0
apps/backend/core-api/internal/usecase/eventconfig/event_registration_config.go:157.2,157.81 1 0
apps/backend/core-api/internal/usecase/eventconfig/event_registration_config.go:160.107,162.2 1 0
apps/backend/core-api/internal/usecase/inbox/get_inbox_message.go:25.136,27.16 2 0
apps/backend/core-api/internal/usecase/inbox/get_inbox_message.go:27.16,29.3 1 0
apps/backend/core-api/internal/usecase/inbox/get_inbox_message.go:30.2,30.20 1 0
apps/backend/core-api/internal/usecase/inbox/get_inbox_message.go:30.20,32.3 1 0
apps/backend/core-api/internal/usecase/inbox/get_inbox_message.go:35.2,35.50 1 0
apps/backend/core-api/internal/usecase/inbox/get_inbox_message.go:35.50,37.3 1 0
apps/backend/core-api/internal/usecase/inbox/get_inbox_message.go:39.2,39.54 1 0
apps/backend/core-api/internal/usecase/inbox/get_inbox_message.go:40.58,42.17 2 0
apps/backend/core-api/internal/usecase/inbox/get_inbox_message.go:42.17,44.4 1 0
apps/backend/core-api/internal/usecase/inbox/get_inbox_message.go:45.3,50.9 1 0
apps/backend/core-api/internal/usecase/inbox/get_inbox_message.go:51.57,53.17 2 0
apps/backend/core-api/internal/usecase/inbox/get_inbox_message.go:53.17,55.4 1 0
apps/backend/core-api/internal/usecase/inbox/get_inbox_message.go:56.3,60.9 1 0
apps/backend/core-api/internal/usecase/inbox/get_inbox_message.go:64.2,66.8 1 0
apps/backend/core-api/internal/usecase/inbox/get_inbox_message.go:69.186,71.16 2 0
apps/backend/core-api/internal/usecase/inbox/get_inbox_message.go:71.16,73.3 1 0
apps/backend/core-api/internal/usecase/inbox/get_inbox_message.go:74.2,74.40 1 0
apps/backend/core-api/internal/usecase/inbox/get_inbox_message.go:74.40,76.3 1 0
apps/backend/core-api/internal/usecase/inbox/get_inbox_message.go:77.2,78.16 2 0
apps/backend/core-api/internal/usecase/inbox/get_inbox_message.go:78.16,80.3 1 0
apps/backend/core-api/internal/usecase/inbox/get_inbox_message.go:81.2,81.18 1 0
apps/backend/core-api/internal/usecase/inbox/get_inbox_message.go:81.18,83.3 1 0
apps/backend/core-api/internal/usecase/inbox/get_inbox_message.go:85.2,90.16 2 0
apps/backend/core-api/internal/usecase/inbox/get_inbox_message.go:90.16,92.3 1 0
apps/backend/core-api/internal/usecase/inbox/get_inbox_message.go:93.2,93.23 1 0
apps/backend/core-api/internal/usecase/inbox/get_inbox_message.go:93.23,95.3 1 0
apps/backend/core-api/internal/usecase/inbox/get_inbox_message.go:96.2,97.16 2 0
apps/backend/core-api/internal/usecase/inbox/get_inbox_message.go:97.16,99.35 2 0
apps/backend/core-api/internal/usecase/inbox/get_inbox_message.go:99.35,100.57 1 0
apps/backend/core-api/internal/usecase/inbox/get_inbox_message.go:100.57,102.5 1 0
apps/backend/core-api/internal/usecase/inbox/get_inbox_message.go:103.9,105.4 1 0
apps/backend/core-api/internal/usecase/inbox/get_inbox_message.go:107.2,107.63 1 0
apps/backend/core-api/internal/usecase/inbox/get_inbox_message.go:110.151,112.16 2 0
apps/backend/core-api/internal/usecase/inbox/get_inbox_message.go:112.16,114.3 1 0
apps/backend/core-api/internal/usecase/inbox/get_inbox_message.go:115.2,115.29 1 0
apps/backend/core-api/internal/usecase/inbox/get_inbox_message.go:115.29,117.3 1 0
apps/backend/core-api/internal/usecase/inbox/get_inbox_message.go:118.2,119.16 2 0
apps/backend/core-api/internal/usecase/inbox/get_inbox_message.go:119.16,121.3 1 0
apps/backend/core-api/internal/usecase/inbox/get_inbox_message.go:122.2,122.18 1 0
apps/backend/core-api/internal/usecase/inbox/get_inbox_message.go:122.18,124.3 1 0
apps/backend/core-api/internal/usecase/inbox/get_inbox_message.go:125.2,125.37 1 0
apps/backend/core-api/internal/usecase/inbox/get_inbox_messages.go:13.118,15.2 1 0
apps/backend/core-api/internal/usecase/inbox/get_inbox_messages.go:17.133,19.16 2 0
apps/backend/core-api/internal/usecase/inbox/get_inbox_messages.go:19.16,21.3 1 0
apps/backend/core-api/internal/usecase/inbox/get_inbox_messages.go:23.2,27.4 1 0
apps/backend/core-api/internal/usecase/inbox/get_inbox_messages.go:30.132,32.2 1 0
apps/backend/core-api/internal/usecase/inbox/get_inbox_messages.go:34.148,36.2 1 0
apps/backend/core-api/internal/usecase/inbox/get_inbox_messages.go:38.145,40.2 1 0
apps/backend/core-api/internal/usecase/inbox/inbox.go:33.17,42.2 1 0
apps/backend/core-api/internal/usecase/inbox/inbox.go:49.107,51.89 1 1
apps/backend/core-api/internal/usecase/inbox/inbox.go:51.89,53.3 1 1
apps/backend/core-api/internal/usecase/inbox/inbox.go:56.2,56.96 1 1
apps/backend/core-api/internal/usecase/inbox/inbox.go:56.96,58.3 1 1
apps/backend/core-api/internal/usecase/inbox/inbox.go:61.2,61.98 1 1
apps/backend/core-api/internal/usecase/inbox/inbox.go:61.98,63.3 1 0
apps/backend/core-api/internal/usecase/inbox/inbox.go:65.2,65.14 1 1
apps/backend/core-api/internal/usecase/inbox/inbox.go:84.125,86.16 2 0
apps/backend/core-api/internal/usecase/inbox/inbox.go:86.16,88.3 1 0
apps/backend/core-api/internal/usecase/inbox/inbox.go:89.2,89.19 1 0
apps/backend/core-api/internal/usecase/inbox/inbox.go:89.19,91.3 1 0
apps/backend/core-api/internal/usecase/inbox/inbox.go:92.2,105.8 1 0
apps/backend/core-api/internal/usecase/inbox/inbox.go:127.304,129.16 2 0
apps/backend/core-api/internal/usecase/inbox/inbox.go:129.16,131.3 1 0
apps/backend/core-api/internal/usecase/inbox/inbox.go:132.2,133.26 2 0
apps/backend/core-api/internal/usecase/inbox/inbox.go:133.26,135.3 1 0
apps/backend/core-api/internal/usecase/inbox/inbox.go:136.2,150.8 1 0
apps/backend/core-api/internal/usecase/inbox/inbox.go:169.233,171.83 1 0
apps/backend/core-api/internal/usecase/inbox/inbox.go:171.83,173.3 1 0
apps/backend/core-api/internal/usecase/inbox/inbox.go:174.2,175.16 2 0
apps/backend/core-api/internal/usecase/inbox/inbox.go:175.16,177.3 1 0
apps/backend/core-api/internal/usecase/inbox/inbox.go:179.2,180.16 2 0
apps/backend/core-api/internal/usecase/inbox/inbox.go:180.16,182.3 1 0
apps/backend/core-api/internal/usecase/inbox/inbox.go:183.2,193.8 1 0
apps/backend/core-api/internal/usecase/inbox/mark_messages_as_read.go:14.136,16.16 2 1
apps/backend/core-api/internal/usecase/inbox/mark_messages_as_read.go:16.16,18.3 1 1
apps/backend/core-api/internal/usecase/inbox/mark_messages_as_read.go:19.2,19.20 1 1
apps/backend/core-api/internal/usecase/inbox/mark_messages_as_read.go:19.20,21.3 1 1
apps/backend/core-api/internal/usecase/inbox/mark_messages_as_read.go:24.2,24.50 1 1
apps/backend/core-api/internal/usecase/inbox/mark_messages_as_read.go:24.50,26.3 1 1
apps/backend/core-api/internal/usecase/inbox/mark_messages_as_read.go:28.2,29.16 2 1
apps/backend/core-api/internal/usecase/inbox/mark_messages_as_read.go:29.16,31.3 1 0
apps/backend/core-api/internal/usecase/inbox/mark_messages_as_read.go:32.2,32.21 1 1
apps/backend/core-api/internal/usecase/inbox/mark_messages_as_read.go:35.121,37.16 2 1
apps/backend/core-api/internal/usecase/inbox/mark_messages_as_read.go:37.16,39.3 1 1
apps/backend/core-api/internal/usecase/inbox/mark_messages_as_read.go:40.2,40.22 1 1
apps/backend/core-api/internal/usecase/oauth/oauth.go:20.167,24.2 1 1
apps/backend/core-api/internal/usecase/oauth/oauth.go:26.143,28.16 2 1
apps/backend/core-api/internal/usecase/oauth/oauth.go:28.16,30.33 2 0
apps/backend/core-api/internal/usecase/oauth/oauth.go:30.33,32.4 1 0
apps/backend/core-api/internal/usecase/oauth/oauth.go:33.3,33.69 1 0
apps/backend/core-api/internal/usecase/oauth/oauth.go:36.2,36.19 1 0
apps/backend/core-api/internal/usecase/onboard/onboard.go:35.244,43.2 1 1
apps/backend/core-api/internal/usecase/onboard/onboard.go:45.58,47.2 1 1
apps/backend/core-api/internal/usecase/onboard/onboard.go:50.120,52.16 2 0
apps/backend/core-api/internal/usecase/onboard/onboard.go:52.16,54.3 1 0
apps/backend/core-api/internal/usecase/onboard/onboard.go:56.2,56.44 1 0
apps/backend/core-api/internal/usecase/onboard/onboard.go:56.44,58.3 1 0
apps/backend/core-api/internal/usecase/onboard/onboard.go:60.2,61.20 2 0
apps/backend/core-api/internal/usecase/onboard/onboard.go:61.20,64.3 2 0
apps/backend/core-api/internal/usecase/onboard/onboard.go:65.2,65.14 1 0
apps/backend/core-api/internal/usecase/onboard/onboard.go:65.14,67.3 1 0
apps/backend/core-api/internal/usecase/onboard/onboard.go:70.2,72.16 3 0
apps/backend/core-api/internal/usecase/onboard/onboard.go:72.16,74.3 1 0
apps/backend/core-api/internal/usecase/onboard/onboard.go:75.2,75.13 1 0
apps/backend/core-api/internal/usecase/onboard/onboard.go:75.13,77.3 1 0
apps/backend/core-api/internal/usecase/onboard/onboard.go:80.2,81.23 2 0
apps/backend/core-api/internal/usecase/onboard/onboard.go:81.23,83.3 1 0
apps/backend/core-api/internal/usecase/onboard/onboard.go:84.2,84.16 1 0
apps/backend/core-api/internal/usecase/onboard/onboard.go:84.16,86.3 1 0
apps/backend/core-api/internal/usecase/onboard/onboard.go:87.2,88.35 2 0
apps/backend/core-api/internal/usecase/onboard/onboard.go:88.35,90.3 1 0
apps/backend/core-api/internal/usecase/onboard/onboard.go:91.2,91.55 1 0
apps/backend/core-api/internal/usecase/onboard/onboard.go:91.55,93.3 1 0
apps/backend/core-api/internal/usecase/onboard/onboard.go:96.2,102.16 3 0
apps/backend/core-api/internal/usecase/onboard/onboard.go:102.16,104.3 1 0
apps/backend/core-api/internal/usecase/onboard/onboard.go:106.2,112.16 2 0
apps/backend/core-api/internal/usecase/onboard/onboard.go:112.16,114.3 1 0
apps/backend/core-api/internal/usecase/onboard/onboard.go:116.2,116.43 1 0
apps/backend/core-api/internal/usecase/onboard/onboard.go:120.133,121.20 1 0
apps/backend/core-api/internal/usecase/onboard/onboard.go:121.20,123.3 1 0
apps/backend/core-api/internal/usecase/onboard/onboard.go:124.2,124.23 1 0
apps/backend/core-api/internal/usecase/onboard/onboard.go:124.23,126.3 1 0
apps/backend/core-api/internal/usecase/onboard/onboard.go:128.2,129.22 2 0
apps/backend/core-api/internal/usecase/onboard/onboard.go:129.22,131.39 2 0
apps/backend/core-api/internal/usecase/onboard/onboard.go:131.39,133.4 1 0
apps/backend/core-api/internal/usecase/onboard/onboard.go:134.3,134.126 1 0
apps/backend/core-api/internal/usecase/onboard/onboard.go:139.2,141.36 3 0
apps/backend/core-api/internal/usecase/onboard/onboard.go:141.36,143.3 1 0
apps/backend/core-api/internal/usecase/onboard/onboard.go:144.2,144.50 1 0
apps/backend/core-api/internal/usecase/onboard/onboard.go:144.50,146.3 1 0
apps/backend/core-api/internal/usecase/onboard/onboard.go:147.2,147.23 1 0
apps/backend/core-api/internal/usecase/onboard/onboard.go:147.23,149.3 1 0
apps/backend/core-api/internal/usecase/onboard/onboard.go:152.2,153.36 2 0
apps/backend/core-api/internal/usecase/onboard/onboard.go:153.36,155.3 1 0
apps/backend/core-api/internal/usecase/onboard/onboard.go:156.2,156.50 1 0
apps/backend/core-api/internal/usecase/onboard/onboard.go:156.50,158.3 1 0
apps/backend/core-api/internal/usecase/onboard/onboard.go:159.2,159.40 1 0
apps/backend/core-api/internal/usecase/onboard/onboard.go:159.40,161.3 1 0
apps/backend/core-api/internal/usecase/onboard/onboard.go:164.2,166.22 3 0
apps/backend/core-api/internal/usecase/onboard/onboard.go:166.22,168.39 2 0
apps/backend/core-api/internal/usecase/onboard/onboard.go:168.39,170.4 1 0
apps/backend/core-api/internal/usecase/onboard/onboard.go:171.3,171.80 1 0
apps/backend/core-api/internal/usecase/onboard/onboard.go:173.2,174.22 2 0
apps/backend/core-api/internal/usecase/onboard/onboard.go:174.22,176.39 2 0
apps/backend/core-api/internal/usecase/onboard/onboard.go:176.39,178.4 1 0
apps/backend/core-api/internal/usecase/onboard/onboard.go:179.3,179.80 1 0
apps/backend/core-api/internal/usecase/onboard/onboard.go:183.2,184.22 2 0
apps/backend/core-api/internal/usecase/onboard/onboard.go:184.22,186.39 2 0
apps/backend/core-api/internal/usecase/onboard/onboard.go:186.39,188.4 1 0
apps/backend/core-api/internal/usecase/onboard/onboard.go:189.3,189.80 1 0
apps/backend/core-api/internal/usecase/onboard/onboard.go:191.2,195.16 3 0
apps/backend/core-api/internal/usecase/onboard/onboard.go:195.16,197.3 1 0
apps/backend/core-api/internal/usecase/onboard/onboard.go:198.2,199.16 2 0
apps/backend/core-api/internal/usecase/onboard/onboard.go:199.16,201.3 1 0
apps/backend/core-api/internal/usecase/onboard/onboard.go:203.2,204.16 2 0
apps/backend/core-api/internal/usecase/onboard/onboard.go:204.16,206.3 1 0
apps/backend/core-api/internal/usecase/onboard/onboard.go:209.2,217.22 3 0
apps/backend/core-api/internal/usecase/onboard/onboard.go:217.22,219.39 2 0
apps/backend/core-api/internal/usecase/onboard/onboard.go:219.39,221.4 1 0
apps/backend/core-api/internal/usecase/onboard/onboard.go:222.3,222.80 1 0
apps/backend/core-api/internal/usecase/onboard/onboard.go:225.2,232.16 2 0
apps/backend/core-api/internal/usecase/onboard/onboard.go:232.16,234.3 1 0
apps/backend/core-api/internal/usecase/onboard/onboard.go:236.2,236.43 1 0
apps/backend/core-api/internal/usecase/onboard/onboard.go:239.139,246.16 3 0
apps/backend/core-api/internal/usecase/onboard/onboard.go:246.16,248.35 2 0
apps/backend/core-api/internal/usecase/onboard/onboard.go:248.35,250.4 1 0
apps/backend/core-api/internal/usecase/onboard/onboard.go:251.3,251.76 1 0
apps/backend/core-api/internal/usecase/onboard/onboard.go:254.2,254.30 1 0
apps/backend/core-api/internal/usecase/onboard/onboard.go:258.161,264.16 3 0
apps/backend/core-api/internal/usecase/onboard/onboard.go:264.16,266.33 2 0
apps/backend/core-api/internal/usecase/onboard/onboard.go:266.33,267.62 1 0
apps/backend/core-api/internal/usecase/onboard/onboard.go:267.62,269.5 1 0
apps/backend/core-api/internal/usecase/onboard/onboard.go:270.4,270.76 1 0
apps/backend/core-api/internal/usecase/onboard/onboard.go:272.3,272.74 1 0
apps/backend/core-api/internal/usecase/onboard/onboard.go:275.2,276.16 2 0
apps/backend/core-api/internal/usecase/onboard/onboard.go:276.16,278.35 2 0
apps/backend/core-api/internal/usecase/onboard/onboard.go:278.35,280.4 1 0
apps/backend/core-api/internal/usecase/onboard/onboard.go:281.3,281.134 1 0
apps/backend/core-api/internal/usecase/onboard/onboard.go:283.2,292.16 3 0
apps/backend/core-api/internal/usecase/onboard/onboard.go:292.16,294.35 2 0
apps/backend/core-api/internal/usecase/onboard/onboard.go:294.35,296.4 1 0
apps/backend/core-api/internal/usecase/onboard/onboard.go:297.3,297.76 1 0
apps/backend/core-api/internal/usecase/onboard/onboard.go:300.2,300.30 1 0
apps/backend/core-api/internal/usecase/onboard/onboard.go:305.146,307.16 2 0
apps/backend/core-api/internal/usecase/onboard/onboard.go:307.16,309.3 1 0
apps/backend/core-api/internal/usecase/onboard/onboard.go:311.2,312.16 2 0
apps/backend/core-api/internal/usecase/onboard/onboard.go:312.16,314.36 2 0
apps/backend/core-api/internal/usecase/onboard/onboard.go:314.36,316.4 1 0
apps/backend/core-api/internal/usecase/onboard/onboard.go:318.2,318.23 1 0
apps/backend/core-api/internal/usecase/onboard/onboard.go:318.23,320.3 1 0
apps/backend/core-api/internal/usecase/onboard/onboard.go:322.2,323.16 2 0
apps/backend/core-api/internal/usecase/onboard/onboard.go:323.16,325.36 2 0
apps/backend/core-api/internal/usecase/onboard/onboard.go:325.36,327.4 1 0
apps/backend/core-api/internal/usecase/onboard/onboard.go:329.2,335.20 2 0
apps/backend/core-api/internal/usecase/onboard/onboard.go:335.20,337.3 1 0
apps/backend/core-api/internal/usecase/onboard/onboard.go:338.2,338.30 1 0
apps/backend/core-api/internal/usecase/profile/get_my_profile_viewmodel.go:46.123,48.16 2 0
apps/backend/core-api/internal/usecase/profile/get_my_profile_viewmodel.go:48.16,50.3 1 0
apps/backend/core-api/internal/usecase/profile/get_my_profile_viewmodel.go:52.2,81.8 1 0
apps/backend/core-api/internal/usecase/profile/profile.go:24.189,30.2 1 0
apps/backend/core-api/internal/usecase/profile/profile.go:32.101,34.2 1 0
apps/backend/core-api/internal/usecase/profile/profile.go:36.149,38.2 1 0
apps/backend/core-api/internal/usecase/profile/profile.go:40.184,42.2 1 0
apps/backend/core-api/internal/usecase/profile/profile.go:44.104,46.2 1 0
apps/backend/core-api/internal/usecase/profile/profile.go:70.51,72.2 1 1
apps/backend/core-api/internal/usecase/profile/profile.go:95.51,97.2 1 1
apps/backend/core-api/internal/usecase/profile/profile.go:99.143,100.42 1 0
apps/backend/core-api/internal/usecase/profile/profile.go:100.42,102.3 1 0
apps/backend/core-api/internal/usecase/profile/profile.go:104.2,105.16 2 0
apps/backend/core-api/internal/usecase/profile/profile.go:105.16,107.33 2 0
apps/backend/core-api/internal/usecase/profile/profile.go:107.33,108.55 1 0
apps/backend/core-api/internal/usecase/profile/profile.go:108.55,110.5 1 0
apps/backend/core-api/internal/usecase/profile/profile.go:114.2,114.28 1 0
apps/backend/core-api/internal/usecase/profile/profile.go:114.28,116.3 1 0
apps/backend/core-api/internal/usecase/profile/profile.go:118.2,137.4 1 0
apps/backend/core-api/internal/usecase/profile/profile.go:140.157,141.42 1 0
apps/backend/core-api/internal/usecase/profile/profile.go:141.42,143.3 1 0
apps/backend/core-api/internal/usecase/profile/profile.go:145.2,146.16 2 0
apps/backend/core-api/internal/usecase/profile/profile.go:146.16,148.33 2 0
apps/backend/core-api/internal/usecase/profile/profile.go:148.33,149.55 1 0
apps/backend/core-api/internal/usecase/profile/profile.go:149.55,155.5 1 0
apps/backend/core-api/internal/usecase/profile/profile.go:156.4,156.72 1 0
apps/backend/core-api/internal/usecase/profile/profile.go:161.2,161.28 1 0
apps/backend/core-api/internal/usecase/profile/profile.go:161.28,163.3 1 0
apps/backend/core-api/internal/usecase/profile/profile.go:165.2,184.4 1 0
apps/backend/core-api/internal/usecase/profile/profile.go:187.119,209.2 1 0
apps/backend/core-api/internal/usecase/profile/profile.go:211.81,213.2 1 0
apps/backend/core-api/internal/usecase/profile/profile.go:215.121,217.16 2 0
apps/backend/core-api/internal/usecase/profile/profile.go:217.16,219.3 1 0
apps/backend/core-api/internal/usecase/profile/profile.go:221.2,222.29 2 0
apps/backend/core-api/internal/usecase/profile/profile.go:222.29,224.3 1 0
apps/backend/core-api/internal/usecase/profile/profile.go:226.2,227.16 2 0
apps/backend/core-api/internal/usecase/profile/profile.go:227.16,229.3 1 0
apps/backend/core-api/internal/usecase/profile/profile.go:231.2,231.21 1 0
